#
# There is insufficient memory for the Java Runtime Environment to continue.
# Native memory allocation (malloc) failed to allocate 280416 bytes for Chunk::new
# Possible reasons:
#   The process is running with CompressedOops enabled, and the Java Heap may be blocking the growth of the native heap
# Possible solutions:
#   Reduce memory load on the system
#   Increase physical memory or swap space
#   Check if swap backing store is full
#   Decrease Java heap size (-Xmx/-Xms)
#   Decrease number of Java threads
#   Decrease Java thread stack sizes (-Xss)
#   JVM is running with Zero Based Compressed Oops mode in which the Java heap is
#     maximum limit for the native heap growth. Please use -XX:HeapBaseMinAddress
#     to set the Java Heap base and to place the Java Heap above 32GB virtual address.
# This output file may be truncated or incomplete.
#
#  Out of Memory Error (t:/workspace/hotspot/src/share/vm/memory/allocation.cpp:372), pid=9492, tid=8892
#
# JRE version: Java(TM) SE Runtime Environment (9.0+11) (build 9.0.4+11)
# Java VM: Java HotSpot(TM) 64-Bit Server VM (9.0.4+11, mixed mode, tiered, compressed oops, g1 gc, windows-amd64)
# No core dump will be written. Minidumps are not enabled by default on client versions of Windows
#

---------------  S U M M A R Y ------------

Command Line: -Dsun.java2d.pmoffscreen=false -Dsun.java2d.xrender=false -Dsun.java2d.d3d=false -Dsun.awt.nopixfmt=true -Dsun.java2d.dpiaware=true -Dsun.java2d.uiScale.enabled=false -Xverify:none -Dswing.aatext=true -XX:-UsePerfData -Djdk.map.althashing.threshold=512 -XX:StringTableSize=4072 --add-opens=java.base/java.nio=ALL-UNNAMED --add-opens=java.desktop/sun.swing=ALL-UNNAMED --add-opens=java.desktop/javax.swing=ALL-UNNAMED --add-opens=java.desktop/javax.swing.tree=ALL-UNNAMED --add-opens=java.desktop/javax.swing.plaf.basic=ALL-UNNAMED --add-opens=java.desktop/javax.swing.plaf.synth=ALL-UNNAMED --add-opens=java.desktop/com.sun.awt=ALL-UNNAMED -XX:NewSize=60m -XX:MaxNewSize=60m -Xms128m -Xmx3072m -Xss5m 

Host: Intel(R) Core(TM) i5-8500 CPU @ 3.00GHz, 6 cores, 7G,  Windows 10 , 64 bit Build 18362 (10.0.18362.86)
Time: Mon Apr 22 17:15:25 2024 ?D1¨²¡À¨º¡Á?¨º¡À?? elapsed time: 1471 seconds (0d 0h 24m 31s)

---------------  T H R E A D  ---------------

Current thread (0x00000264156ac000):  JavaThread "C2 CompilerThread1" daemon [_thread_in_native, id=8892, stack(0x0000008bc6700000,0x0000008bc6800000)]


Current CompileTask:
C2:1471328 27621       4       sun.java2d.pipe.AlphaPaintPipe::renderPathTile (491 bytes)

Stack: [0x0000008bc6700000,0x0000008bc6800000]
Native frames: (J=compiled Java code, j=interpreted, Vv=VM code, C=native code)
V  [jvm.dll+0x587068]

[error occurred during error reporting (printing native stack), id 0xe0000001]


---------------  P R O C E S S  ---------------

Java Threads: ( => current thread )
  0x0000026499e80000 JavaThread "Program Device" [_thread_in_native, id=10964, stack(0x0000008bcff00000,0x0000008bd0400000)]
  0x0000026499e86000 JavaThread "Swing-Shell" daemon [_thread_blocked, id=11900, stack(0x0000008bcd600000,0x0000008bcdb00000)]
  0x0000026499e85000 JavaThread "Thread-1715" [_thread_in_native, id=10700, stack(0x0000008bcfb00000,0x0000008bcfc00000)]
  0x0000026499e84800 JavaThread "Thread-1708" [_thread_in_native, id=440, stack(0x0000008bcfb00000,0x0000008bcfc00000)]
  0x0000026499e83800 JavaThread "Thread-1678" [_thread_in_native, id=3560, stack(0x0000008bcd800000,0x0000008bcd900000)]
  0x0000026499e81800 JavaThread "Thread-1670" [_thread_in_native, id=7404, stack(0x0000008bcd800000,0x0000008bcd900000)]
  0x0000026499e80800 JavaThread "Thread-1663" [_thread_in_native, id=8636, stack(0x0000008bcd800000,0x0000008bcd900000)]
  0x0000026499e7e800 JavaThread "Thread-1522" [_thread_in_native, id=2044, stack(0x0000008bce200000,0x0000008bce300000)]
  0x0000026499e83000 JavaThread "Thread-1512" [_thread_in_native, id=9948, stack(0x0000008bcc200000,0x0000008bcc300000)]
  0x0000026495c8c800 JavaThread "Thread-1504" [_thread_in_native, id=7592, stack(0x0000008bcc200000,0x0000008bcc300000)]
  0x0000026495c6b000 JavaThread "Thread-1492" [_thread_in_native, id=8200, stack(0x0000008bcc200000,0x0000008bcc300000)]
  0x0000026495c6a800 JavaThread "Thread-1484" [_thread_in_native, id=4172, stack(0x0000008bcc200000,0x0000008bcc300000)]
  0x0000026495c71000 JavaThread "Thread-1476" [_thread_in_native, id=7684, stack(0x0000008bcc200000,0x0000008bcc300000)]
  0x0000026495c69800 JavaThread "Thread-1469" [_thread_in_native, id=8136, stack(0x0000008bcc200000,0x0000008bcc300000)]
  0x0000026495c70800 JavaThread "Thread-1462" [_thread_in_native, id=560, stack(0x0000008bcc200000,0x0000008bcc300000)]
  0x0000026495c69000 JavaThread "Thread-1454" [_thread_in_native, id=10624, stack(0x0000008bcc200000,0x0000008bcc300000)]
  0x0000026495c6d800 JavaThread "Update Runs Swing Worker" [_thread_blocked, id=10280, stack(0x0000008bca100000,0x0000008bca600000)]
  0x000002648b92d800 JavaThread "Thread-570" [_thread_in_native, id=4240, stack(0x0000008bcb200000,0x0000008bcb300000)]
  0x000002648b941800 JavaThread "Thread-561" [_thread_in_native, id=8992, stack(0x0000008bcb200000,0x0000008bcb300000)]
  0x000002648b93e800 JavaThread "Thread-554" [_thread_in_native, id=11864, stack(0x0000008bcb200000,0x0000008bcb300000)]
  0x000002648b940800 JavaThread "Thread-547" [_thread_in_native, id=9084, stack(0x0000008bcd700000,0x0000008bcd800000)]
  0x000002648b93d800 JavaThread "Thread-535" [_thread_in_native, id=960, stack(0x0000008bcd700000,0x0000008bcd800000)]
  0x000002648b943800 JavaThread "Thread-496" [_thread_in_native, id=7928, stack(0x0000008bce000000,0x0000008bce100000)]
  0x000002648b940000 JavaThread "Thread-486" [_thread_in_native, id=3432, stack(0x0000008bce000000,0x0000008bce100000)]
  0x000002648b93f000 JavaThread "Thread-478" [_thread_in_native, id=6460, stack(0x0000008bce000000,0x0000008bce100000)]
  0x000002648b936000 JavaThread "Thread-468" [_thread_in_native, id=2140, stack(0x0000008bce000000,0x0000008bce100000)]
  0x000002648b93d000 JavaThread "Thread-460" [_thread_in_native, id=772, stack(0x0000008bce000000,0x0000008bce100000)]
  0x0000026487030800 JavaThread "Thread-452" [_thread_in_native, id=6260, stack(0x0000008bce000000,0x0000008bce100000)]
  0x0000026487033800 JavaThread "Thread-442" [_thread_in_native, id=10720, stack(0x0000008bce000000,0x0000008bce100000)]
  0x000002648aa58800 JavaThread "Thread-429" [_thread_in_native, id=12168, stack(0x0000008bce000000,0x0000008bce100000)]
  0x000002648aa56000 JavaThread "Thread-420" [_thread_in_native, id=12052, stack(0x0000008bce000000,0x0000008bce100000)]
  0x000002648aa4e800 JavaThread "Thread-414" [_thread_in_native, id=11644, stack(0x0000008bce000000,0x0000008bce100000)]
  0x0000026481675800 JavaThread "Thread-404" [_thread_in_native, id=2992, stack(0x0000008bce000000,0x0000008bce100000)]
  0x0000026481678000 JavaThread "Thread-399" [_thread_in_native, id=9848, stack(0x0000008bce000000,0x0000008bce100000)]
  0x000002648165c000 JavaThread "Thread-382" [_thread_in_native, id=11424, stack(0x0000008bcb200000,0x0000008bcb300000)]
  0x000002648165a800 JavaThread "Thread-348" [_thread_in_native, id=952, stack(0x0000008bcb200000,0x0000008bcb300000)]
  0x000002648165d800 JavaThread "Thread-245" [_thread_in_native, id=11752, stack(0x0000008bcc200000,0x0000008bcc300000)]
  0x000002648165d000 JavaThread "Thread-235" [_thread_in_native, id=9396, stack(0x0000008bcc200000,0x0000008bcc300000)]
  0x0000026482314000 JavaThread "Thread-223" [_thread_in_native, id=2196, stack(0x0000008bcc200000,0x0000008bcc300000)]
  0x0000026482312000 JavaThread "Thread-215" [_thread_in_native, id=11552, stack(0x0000008bcc200000,0x0000008bcc300000)]
  0x0000026484f61800 JavaThread "Thread-208" [_thread_in_native, id=1788, stack(0x0000008bcc200000,0x0000008bcc300000)]
  0x0000026480a1b000 JavaThread "Thread-194" [_thread_in_native, id=1196, stack(0x0000008bcc200000,0x0000008bcc300000)]
  0x0000026449cb5800 JavaThread "Thread-187" [_thread_in_native, id=6848, stack(0x0000008bce100000,0x0000008bce200000)]
  0x0000026480a1a800 JavaThread "Thread-98" [_thread_in_native, id=9860, stack(0x0000008bce300000,0x0000008bce400000)]
  0x0000026452446800 JavaThread "Thread-91" [_thread_in_native, id=1720, stack(0x0000008bce000000,0x0000008bce100000)]
  0x0000026452445800 JavaThread "Thread-70" [_thread_in_native, id=2712, stack(0x0000008bce900000,0x0000008bcea00000)]
  0x0000026452442800 JavaThread "Thread-68" [_thread_in_native, id=6792, stack(0x0000008bce600000,0x0000008bce700000)]
  0x0000026449cb2800 JavaThread "SyntheticaAnimation 50" daemon [_thread_blocked, id=8120, stack(0x0000008bcd100000,0x0000008bcd600000)]
  0x0000026449cb3000 JavaThread "SyntheticaAnimation 50" daemon [_thread_blocked, id=5296, stack(0x0000008bccc00000,0x0000008bcd100000)]
  0x0000026417c19000 JavaThread "Thread-29" [_thread_in_native, id=11316, stack(0x0000008bcdb00000,0x0000008bcdc00000)]
  0x0000026449cab000 JavaThread "hw_ila_monitor" [_thread_blocked, id=12184, stack(0x0000008bcab00000,0x0000008bcb000000)]
  0x0000026449cb1000 JavaThread "Refresh Filesets Swing Worker" [_thread_blocked, id=10680, stack(0x0000008bc8d00000,0x0000008bc9200000)]
  0x0000026417c13000 JavaThread "SyntheticaAnimation 70" daemon [_thread_blocked, id=3896, stack(0x0000008bcc700000,0x0000008bccc00000)]
  0x0000026417c18000 JavaThread "SyntheticaAnimation 25" daemon [_thread_blocked, id=1256, stack(0x0000008bcbd00000,0x0000008bcc200000)]
  0x0000026417c17800 JavaThread "SyntheticaAnimation 50" daemon [_thread_blocked, id=2448, stack(0x0000008bcb800000,0x0000008bcbd00000)]
  0x0000026417c16800 JavaThread "Monitor HEventQueue" [_thread_blocked, id=11304, stack(0x0000008bcb300000,0x0000008bcb800000)]
  0x0000026417c14800 JavaThread "Batik CleanerThread" daemon [_thread_blocked, id=4884, stack(0x0000008bca600000,0x0000008bcab00000)]
  0x0000026417c13800 JavaThread "SyntheticaCleanerThread" daemon [_thread_blocked, id=11440, stack(0x0000008bc7e00000,0x0000008bc8300000)]
  0x000002643cf1c800 JavaThread "AWT-EventQueue-1" [_thread_in_native, id=9464, stack(0x0000008bc9c00000,0x0000008bca100000)]
  0x00000264196e0800 JavaThread "AWT-Shutdown" [_thread_blocked, id=3440, stack(0x0000008bc9700000,0x0000008bc9c00000)]
  0x000002643cf1f800 JavaThread "Process Messages" [_thread_blocked, id=11372, stack(0x0000008bc9200000,0x0000008bc9700000)]
  0x000002643cf1e800 JavaThread "Thread-1" [_thread_in_native, id=12112, stack(0x0000008bc2a00000,0x0000008bc3e00000)]
  0x000002643c372800 JavaThread "TimerQueue" daemon [_thread_blocked, id=2116, stack(0x0000008bc8800000,0x0000008bc8d00000)]
  0x000002641979f000 JavaThread "AWT-Windows" daemon [_thread_in_native, id=7200, stack(0x0000008bc8300000,0x0000008bc8800000)]
  0x00000264195e3000 JavaThread "Java2D Disposer" daemon [_thread_blocked, id=3192, stack(0x0000008bc7900000,0x0000008bc7e00000)]
  0x00000264174c7800 JavaThread "Service Thread" daemon [_thread_blocked, id=1800, stack(0x0000008bc7300000,0x0000008bc7800000)]
  0x0000026418ebb000 JavaThread "Common-Cleaner" daemon [_thread_blocked, id=7856, stack(0x0000008bc6e00000,0x0000008bc7300000)]
  0x0000026417c15000 JavaThread "Sweeper thread" daemon [_thread_blocked, id=964, stack(0x0000008bc6900000,0x0000008bc6e00000)]
  0x00000264156ac800 JavaThread "C1 CompilerThread2" daemon [_thread_blocked, id=12028, stack(0x0000008bc6800000,0x0000008bc6900000)]
=>0x00000264156ac000 JavaThread "C2 CompilerThread1" daemon [_thread_in_native, id=8892, stack(0x0000008bc6700000,0x0000008bc6800000)]
  0x0000026416aa3000 JavaThread "C2 CompilerThread0" daemon [_thread_blocked, id=4380, stack(0x0000008bc6600000,0x0000008bc6700000)]
  0x0000026416aa2800 JavaThread "Attach Listener" daemon [_thread_blocked, id=8212, stack(0x0000008bc6100000,0x0000008bc6600000)]
  0x00000264152ab800 JavaThread "Signal Dispatcher" daemon [_thread_blocked, id=11108, stack(0x0000008bc5c00000,0x0000008bc6100000)]
  0x00000264154b3000 JavaThread "Finalizer" daemon [_thread_blocked, id=8072, stack(0x0000008bc5700000,0x0000008bc5c00000)]
  0x00000264154b2800 JavaThread "Reference Handler" daemon [_thread_blocked, id=804, stack(0x0000008bc5200000,0x0000008bc5700000)]
  0x0000026416b60800 JavaThread "main" [_thread_blocked, id=11136, stack(0x0000008bc2900000,0x0000008bc2a00000)]

Other Threads:
  0x000002641a336000 VMThread "VM Thread" [stack: 0x0000008bc5100000,0x0000008bc5200000] [id=884]
  0x0000026417a83800 WatcherThread [stack: 0x0000008bc7800000,0x0000008bc7900000] [id=7260]
  0x0000026416b61000 GCTaskThread "GC Thread#0" [stack: 0x0000008bc4100000,0x0000008bc4200000] [id=6772]
  0x0000026416a1f800 GCTaskThread "GC Thread#1" [stack: 0x0000008bc4200000,0x0000008bc4300000] [id=1040]
  0x000002641ab03800 GCTaskThread "GC Thread#2" [stack: 0x0000008bc4300000,0x0000008bc4400000] [id=11688]
  0x000002641ab04000 GCTaskThread "GC Thread#3" [stack: 0x0000008bc4400000,0x0000008bc4500000] [id=5304]
  0x0000026415832800 GCTaskThread "GC Thread#4" [stack: 0x0000008bc4500000,0x0000008bc4600000] [id=12024]
  0x000002641a21f800 GCTaskThread "GC Thread#5" [stack: 0x0000008bc4600000,0x0000008bc4700000] [id=3100]
  0x000002641aa22000 ConcurrentGCThread "G1 Main Marker" [stack: 0x0000008bc4e00000,0x0000008bc4f00000] [id=6504]
  0x0000026415263800 ConcurrentGCThread "G1 Marker#0" [stack: 0x0000008bc4f00000,0x0000008bc5000000] [id=9604]
  0x0000026415264000 ConcurrentGCThread "G1 Marker#1" [stack: 0x0000008bc5000000,0x0000008bc5100000] [id=5564]
  0x00000264151fb800 ConcurrentGCThread "G1 Refine#0" [stack: 0x0000008bc4c00000,0x0000008bc4d00000] [id=12076]
  0x0000026415507000 ConcurrentGCThread "G1 Refine#1" [stack: 0x0000008bc4b00000,0x0000008bc4c00000] [id=10248]
  0x000002641a0d5800 ConcurrentGCThread "G1 Refine#2" [stack: 0x0000008bc4a00000,0x0000008bc4b00000] [id=11052]
  0x000002641a076800 ConcurrentGCThread "G1 Refine#3" [stack: 0x0000008bc4900000,0x0000008bc4a00000] [id=708]
  0x000002641a8ae800 ConcurrentGCThread "G1 Refine#4" [stack: 0x0000008bc4800000,0x0000008bc4900000] [id=11464]
  0x000002641a27f000 ConcurrentGCThread "G1 Refine#5" [stack: 0x0000008bc4700000,0x0000008bc4800000] [id=2884]
  0x0000026417357000 ConcurrentGCThread "G1 Young RemSet Sampling" [stack: 0x0000008bc4d00000,0x0000008bc4e00000] [id=6480]

Threads with active compile tasks:
C2 CompilerThread127621       4       sun.java2d.pipe.AlphaPaintPipe::renderPathTile (491 bytes)

VM state:not at safepoint (normal execution)

VM Mutex/Monitor currently owned by a thread: None

OutOfMemory and StackOverflow Exception counts:
OutOfMemoryError java_heap_errors=7

Heap address: 0x0000000700000000, size: 3072 MB, Compressed Oops mode: Zero based, Oop shift amount: 3
Narrow klass base: 0x0000000000000000, Narrow klass shift: 3
Compressed class space size: 1073741824 Address: 0x00000007c0000000

Heap:
 garbage-first heap   total 331776K, used 147213K [0x0000000700000000, 0x0000000700100a20, 0x00000007c0000000)
  region size 1024K, 11 young (11264K), 0 survivors (0K)
 Metaspace       used 94892K, capacity 102416K, committed 102576K, reserved 1136640K
  class space    used 13439K, capacity 14756K, committed 14768K, reserved 1048576K
Heap Regions: E=young(eden), S=young(survivor), O=old, HS=humongous(starts), HC=humongous(continues), CS=collection set, F=free, A=archive, TS=gc time stamp, AC=allocation context, TAMS=top-at-mark-start (previous, next)
|   0|0x0000000700000000, 0x00000007000d8370, 0x0000000700100000| 84%| O|  |TS  0|AC  0|TAMS 0x0000000700000000, 0x0000000700000000|
|   1|0x0000000700100000, 0x0000000700200000, 0x0000000700200000|100%|HS|  |TS  0|AC  0|TAMS 0x0000000700100000, 0x0000000700100000|
|   2|0x0000000700200000, 0x0000000700300000, 0x0000000700300000|100%|HC|  |TS  0|AC  0|TAMS 0x0000000700200000, 0x0000000700200000|
|   3|0x0000000700300000, 0x0000000700400000, 0x0000000700400000|100%|HS|  |TS  0|AC  0|TAMS 0x0000000700300000, 0x0000000700300000|
|   4|0x0000000700400000, 0x00000007004fbc38, 0x0000000700500000| 98%| O|  |TS  0|AC  0|TAMS 0x0000000700400000, 0x0000000700400000|
|   5|0x0000000700500000, 0x00000007005ffef8, 0x0000000700600000| 99%| O|  |TS  0|AC  0|TAMS 0x0000000700500000, 0x0000000700500000|
|   6|0x0000000700600000, 0x00000007006ffff0, 0x0000000700700000| 99%| O|  |TS  0|AC  0|TAMS 0x0000000700600000, 0x0000000700600000|
|   7|0x0000000700700000, 0x0000000700800000, 0x0000000700800000|100%| O|  |TS  0|AC  0|TAMS 0x0000000700700000, 0x0000000700700000|
|   8|0x0000000700800000, 0x00000007008ffff8, 0x0000000700900000| 99%| O|  |TS  0|AC  0|TAMS 0x0000000700800000, 0x0000000700800000|
|   9|0x0000000700900000, 0x00000007009fffc8, 0x0000000700a00000| 99%| O|  |TS  0|AC  0|TAMS 0x0000000700900000, 0x0000000700900000|
|  10|0x0000000700a00000, 0x0000000700afeeb8, 0x0000000700b00000| 99%| O|  |TS  0|AC  0|TAMS 0x0000000700a00000, 0x0000000700a00000|
|  11|0x0000000700b00000, 0x0000000700bfffe8, 0x0000000700c00000| 99%| O|  |TS  0|AC  0|TAMS 0x0000000700b00000, 0x0000000700b00000|
|  12|0x0000000700c00000, 0x0000000700d00000, 0x0000000700d00000|100%| O|  |TS  0|AC  0|TAMS 0x0000000700c00000, 0x0000000700c00000|
|  13|0x0000000700d00000, 0x0000000700dff708, 0x0000000700e00000| 99%| O|  |TS  0|AC  0|TAMS 0x0000000700d00000, 0x0000000700d00000|
|  14|0x0000000700e00000, 0x0000000700effff0, 0x0000000700f00000| 99%| O|  |TS  0|AC  0|TAMS 0x0000000700e00000, 0x0000000700e00000|
|  15|0x0000000700f00000, 0x0000000701000000, 0x0000000701000000|100%| O|  |TS  0|AC  0|TAMS 0x0000000700f00000, 0x0000000700f00000|
|  16|0x0000000701000000, 0x0000000701100000, 0x0000000701100000|100%| O|  |TS  0|AC  0|TAMS 0x0000000701000000, 0x0000000701000000|
|  17|0x0000000701100000, 0x00000007011fffd8, 0x0000000701200000| 99%| O|  |TS  0|AC  0|TAMS 0x0000000701100000, 0x0000000701100000|
|  18|0x0000000701200000, 0x00000007012ffff0, 0x0000000701300000| 99%| O|  |TS  0|AC  0|TAMS 0x0000000701200000, 0x0000000701200000|
|  19|0x0000000701300000, 0x00000007013fffe8, 0x0000000701400000| 99%| O|  |TS  0|AC  0|TAMS 0x0000000701300000, 0x0000000701300000|
|  20|0x0000000701400000, 0x00000007014fff38, 0x0000000701500000| 99%| O|  |TS  0|AC  0|TAMS 0x0000000701400000, 0x0000000701400000|
|  21|0x0000000701500000, 0x00000007015ffe78, 0x0000000701600000| 99%| O|  |TS  0|AC  0|TAMS 0x0000000701500000, 0x0000000701500000|
|  22|0x0000000701600000, 0x00000007016ffff8, 0x0000000701700000| 99%| O|  |TS  0|AC  0|TAMS 0x0000000701600000, 0x0000000701600000|
|  23|0x0000000701700000, 0x00000007017ffff0, 0x0000000701800000| 99%| O|  |TS  0|AC  0|TAMS 0x0000000701700000, 0x0000000701700000|
|  24|0x0000000701800000, 0x00000007018ffeb0, 0x0000000701900000| 99%| O|  |TS  0|AC  0|TAMS 0x0000000701800000, 0x0000000701800000|
|  25|0x0000000701900000, 0x00000007019fffe8, 0x0000000701a00000| 99%| O|  |TS  0|AC  0|TAMS 0x0000000701900000, 0x0000000701900000|
|  26|0x0000000701a00000, 0x0000000701affff0, 0x0000000701b00000| 99%| O|  |TS  0|AC  0|TAMS 0x0000000701a00000, 0x0000000701a00000|
|  27|0x0000000701b00000, 0x0000000701bfffd0, 0x0000000701c00000| 99%| O|  |TS  0|AC  0|TAMS 0x0000000701b00000, 0x0000000701b00000|
|  28|0x0000000701c00000, 0x0000000701cfe9b8, 0x0000000701d00000| 99%| O|  |TS  0|AC  0|TAMS 0x0000000701c00000, 0x0000000701c00000|
|  29|0x0000000701d00000, 0x0000000701dffe50, 0x0000000701e00000| 99%| O|  |TS  0|AC  0|TAMS 0x0000000701d00000, 0x0000000701d00000|
|  30|0x0000000701e00000, 0x0000000701efffd8, 0x0000000701f00000| 99%| O|  |TS  0|AC  0|TAMS 0x0000000701e00000, 0x0000000701e00000|
|  31|0x0000000701f00000, 0x0000000701ffffc8, 0x0000000702000000| 99%| O|  |TS  0|AC  0|TAMS 0x0000000701f00000, 0x0000000701f00000|
|  32|0x0000000702000000, 0x00000007020c8dc0, 0x0000000702100000| 78%| O|  |TS  0|AC  0|TAMS 0x0000000702000000, 0x0000000702000000|
|  33|0x0000000702100000, 0x00000007021fffe8, 0x0000000702200000| 99%| O|  |TS  0|AC  0|TAMS 0x0000000702100000, 0x0000000702100000|
|  34|0x0000000702200000, 0x00000007022ffe50, 0x0000000702300000| 99%| O|  |TS  0|AC  0|TAMS 0x0000000702200000, 0x0000000702200000|
|  35|0x0000000702300000, 0x00000007023ffff8, 0x0000000702400000| 99%| O|  |TS  0|AC  0|TAMS 0x0000000702300000, 0x0000000702300000|
|  36|0x0000000702400000, 0x00000007024ff140, 0x0000000702500000| 99%| O|  |TS  0|AC  0|TAMS 0x0000000702400000, 0x0000000702400000|
|  37|0x0000000702500000, 0x00000007025ffe40, 0x0000000702600000| 99%| O|  |TS  0|AC  0|TAMS 0x0000000702500000, 0x0000000702500000|
|  38|0x0000000702600000, 0x0000000702700000, 0x0000000702700000|100%| O|  |TS  0|AC  0|TAMS 0x0000000702600000, 0x0000000702600000|
|  39|0x0000000702700000, 0x00000007027ffff0, 0x0000000702800000| 99%| O|  |TS  0|AC  0|TAMS 0x0000000702700000, 0x0000000702700000|
|  40|0x0000000702800000, 0x00000007028fff30, 0x0000000702900000| 99%| O|  |TS  0|AC  0|TAMS 0x0000000702800000, 0x0000000702800000|
|  41|0x0000000702900000, 0x0000000702a00000, 0x0000000702a00000|100%|HS|  |TS  0|AC  0|TAMS 0x0000000702900000, 0x0000000702900000|
|  42|0x0000000702a00000, 0x0000000702b00000, 0x0000000702b00000|100%|HC|  |TS  0|AC  0|TAMS 0x0000000702a00000, 0x0000000702a00000|
|  43|0x0000000702b00000, 0x0000000702c00000, 0x0000000702c00000|100%|HC|  |TS  0|AC  0|TAMS 0x0000000702b00000, 0x0000000702b00000|
|  44|0x0000000702c00000, 0x0000000702d00000, 0x0000000702d00000|100%|HC|  |TS  0|AC  0|TAMS 0x0000000702c00000, 0x0000000702c00000|
|  45|0x0000000702d00000, 0x0000000702e00000, 0x0000000702e00000|100%|HC|  |TS  0|AC  0|TAMS 0x0000000702d00000, 0x0000000702d00000|
|  46|0x0000000702e00000, 0x0000000702f00000, 0x0000000702f00000|100%|HC|  |TS  0|AC  0|TAMS 0x0000000702e00000, 0x0000000702e00000|
|  47|0x0000000702f00000, 0x0000000703000000, 0x0000000703000000|100%|HC|  |TS  0|AC  0|TAMS 0x0000000702f00000, 0x0000000702f00000|
|  48|0x0000000703000000, 0x0000000703100000, 0x0000000703100000|100%|HC|  |TS  0|AC  0|TAMS 0x0000000703000000, 0x0000000703000000|
|  49|0x0000000703100000, 0x00000007031fffb0, 0x0000000703200000| 99%| O|  |TS  0|AC  0|TAMS 0x0000000703100000, 0x0000000703100000|
|  50|0x0000000703200000, 0x00000007032ffff0, 0x0000000703300000| 99%| O|  |TS  0|AC  0|TAMS 0x0000000703200000, 0x0000000703200000|
|  51|0x0000000703300000, 0x00000007033fffc8, 0x0000000703400000| 99%| O|  |TS  0|AC  0|TAMS 0x0000000703300000, 0x0000000703300000|
|  52|0x0000000703400000, 0x00000007034ffeb0, 0x0000000703500000| 99%| O|  |TS  0|AC  0|TAMS 0x0000000703400000, 0x0000000703400000|
|  53|0x0000000703500000, 0x00000007035fffe0, 0x0000000703600000| 99%| O|  |TS  0|AC  0|TAMS 0x0000000703500000, 0x0000000703500000|
|  54|0x0000000703600000, 0x00000007036fee70, 0x0000000703700000| 99%| O|  |TS  0|AC  0|TAMS 0x0000000703600000, 0x0000000703600000|
|  55|0x0000000703700000, 0x00000007037ffff0, 0x0000000703800000| 99%| O|  |TS  0|AC  0|TAMS 0x0000000703700000, 0x0000000703700000|
|  56|0x0000000703800000, 0x00000007038fff18, 0x0000000703900000| 99%| O|  |TS  0|AC  0|TAMS 0x0000000703800000, 0x0000000703800000|
|  57|0x0000000703900000, 0x00000007039fff50, 0x0000000703a00000| 99%| O|  |TS  0|AC  0|TAMS 0x0000000703900000, 0x0000000703900000|
|  58|0x0000000703a00000, 0x0000000703affe88, 0x0000000703b00000| 99%| O|  |TS  0|AC  0|TAMS 0x0000000703a00000, 0x0000000703a00000|
|  59|0x0000000703b00000, 0x0000000703bffff8, 0x0000000703c00000| 99%| O|  |TS  0|AC  0|TAMS 0x0000000703b00000, 0x0000000703b00000|
|  60|0x0000000703c00000, 0x0000000703cffff8, 0x0000000703d00000| 99%| O|  |TS  0|AC  0|TAMS 0x0000000703c00000, 0x0000000703c00000|
|  61|0x0000000703d00000, 0x0000000703dffff0, 0x0000000703e00000| 99%| O|  |TS  0|AC  0|TAMS 0x0000000703d00000, 0x0000000703d00000|
|  62|0x0000000703e00000, 0x0000000703effff8, 0x0000000703f00000| 99%| O|  |TS  0|AC  0|TAMS 0x0000000703e00000, 0x0000000703e00000|
|  63|0x0000000703f00000, 0x0000000703fffff8, 0x0000000704000000| 99%| O|  |TS  0|AC  0|TAMS 0x0000000703f00000, 0x0000000703f00000|
|  64|0x0000000704000000, 0x00000007040f97c0, 0x0000000704100000| 97%| O|  |TS  0|AC  0|TAMS 0x0000000704000000, 0x0000000704000000|
|  65|0x0000000704100000, 0x0000000704200000, 0x0000000704200000|100%| O|  |TS  0|AC  0|TAMS 0x0000000704100000, 0x0000000704100000|
|  66|0x0000000704200000, 0x00000007042fff88, 0x0000000704300000| 99%| O|  |TS  0|AC  0|TAMS 0x0000000704200000, 0x0000000704200000|
|  67|0x0000000704300000, 0x00000007043ffff0, 0x0000000704400000| 99%| O|  |TS  0|AC  0|TAMS 0x0000000704300000, 0x0000000704300000|
|  68|0x0000000704400000, 0x00000007044ffe98, 0x0000000704500000| 99%| O|  |TS  0|AC  0|TAMS 0x0000000704400000, 0x0000000704400000|
|  69|0x0000000704500000, 0x00000007045ffff0, 0x0000000704600000| 99%| O|  |TS  0|AC  0|TAMS 0x0000000704500000, 0x0000000704500000|
|  70|0x0000000704600000, 0x0000000704700000, 0x0000000704700000|100%| O|  |TS  0|AC  0|TAMS 0x0000000704600000, 0x0000000704600000|
|  71|0x0000000704700000, 0x00000007047ffff8, 0x0000000704800000| 99%| O|  |TS  0|AC  0|TAMS 0x0000000704700000, 0x0000000704700000|
|  72|0x0000000704800000, 0x00000007048fff60, 0x0000000704900000| 99%| O|  |TS  0|AC  0|TAMS 0x0000000704800000, 0x0000000704800000|
|  73|0x0000000704900000, 0x00000007049ffff0, 0x0000000704a00000| 99%| O|  |TS  0|AC  0|TAMS 0x0000000704900000, 0x0000000704900000|
|  74|0x0000000704a00000, 0x0000000704affff0, 0x0000000704b00000| 99%| O|  |TS  0|AC  0|TAMS 0x0000000704a00000, 0x0000000704a00000|
|  75|0x0000000704b00000, 0x0000000704bfffe8, 0x0000000704c00000| 99%| O|  |TS  0|AC  0|TAMS 0x0000000704b00000, 0x0000000704b00000|
|  76|0x0000000704c00000, 0x0000000704d00000, 0x0000000704d00000|100%| O|  |TS  0|AC  0|TAMS 0x0000000704c00000, 0x0000000704c00000|
|  77|0x0000000704d00000, 0x0000000704dfffe0, 0x0000000704e00000| 99%| O|  |TS  0|AC  0|TAMS 0x0000000704d00000, 0x0000000704d00000|
|  78|0x0000000704e00000, 0x0000000704f00000, 0x0000000704f00000|100%| O|  |TS  0|AC  0|TAMS 0x0000000704e00000, 0x0000000704e00000|
|  79|0x0000000704f00000, 0x0000000705000000, 0x0000000705000000|100%| O|  |TS  0|AC  0|TAMS 0x0000000704f00000, 0x0000000704f00000|
|  80|0x0000000705000000, 0x00000007050fffe8, 0x0000000705100000| 99%| O|  |TS  0|AC  0|TAMS 0x0000000705000000, 0x0000000705000000|
|  81|0x0000000705100000, 0x00000007051fff00, 0x0000000705200000| 99%| O|  |TS  0|AC  0|TAMS 0x0000000705100000, 0x0000000705100000|
|  82|0x0000000705200000, 0x00000007052ffef0, 0x0000000705300000| 99%| O|  |TS  0|AC  0|TAMS 0x0000000705200000, 0x0000000705200000|
|  83|0x0000000705300000, 0x00000007053fffe0, 0x0000000705400000| 99%| O|  |TS  0|AC  0|TAMS 0x0000000705300000, 0x0000000705300000|
|  84|0x0000000705400000, 0x00000007054ff3c8, 0x0000000705500000| 99%| O|  |TS  0|AC  0|TAMS 0x0000000705400000, 0x0000000705400000|
|  85|0x0000000705500000, 0x00000007055ffe18, 0x0000000705600000| 99%| O|  |TS  0|AC  0|TAMS 0x0000000705500000, 0x0000000705500000|
|  86|0x0000000705600000, 0x00000007056fffb0, 0x0000000705700000| 99%| O|  |TS  0|AC  0|TAMS 0x0000000705600000, 0x0000000705600000|
|  87|0x0000000705700000, 0x00000007057fffe8, 0x0000000705800000| 99%| O|  |TS  0|AC  0|TAMS 0x0000000705700000, 0x0000000705700000|
|  88|0x0000000705800000, 0x00000007058ffff8, 0x0000000705900000| 99%| O|  |TS  0|AC  0|TAMS 0x0000000705800000, 0x0000000705800000|
|  89|0x0000000705900000, 0x00000007059ffff8, 0x0000000705a00000| 99%| O|  |TS  0|AC  0|TAMS 0x0000000705900000, 0x0000000705900000|
|  90|0x0000000705a00000, 0x0000000705afffe8, 0x0000000705b00000| 99%| O|  |TS  0|AC  0|TAMS 0x0000000705a00000, 0x0000000705a00000|
|  91|0x0000000705b00000, 0x0000000705c00000, 0x0000000705c00000|100%|HS|  |TS  0|AC  0|TAMS 0x0000000705b00000, 0x0000000705b00000|
|  92|0x0000000705c00000, 0x0000000705cffff0, 0x0000000705d00000| 99%| O|  |TS  0|AC  0|TAMS 0x0000000705c00000, 0x0000000705c00000|
|  93|0x0000000705d00000, 0x0000000705dffff0, 0x0000000705e00000| 99%| O|  |TS  0|AC  0|TAMS 0x0000000705d00000, 0x0000000705d00000|
|  94|0x0000000705e00000, 0x0000000705e34970, 0x0000000705f00000| 20%| O|  |TS  0|AC  0|TAMS 0x0000000705e00000, 0x0000000705e00000|
|  95|0x0000000705f00000, 0x0000000706000000, 0x0000000706000000|100%|HS|  |TS  0|AC  0|TAMS 0x0000000705f00000, 0x0000000705f00000|
|  96|0x0000000706000000, 0x0000000706100000, 0x0000000706100000|100%|HS|  |TS  0|AC  0|TAMS 0x0000000706000000, 0x0000000706000000|
|  97|0x0000000706100000, 0x0000000706100000, 0x0000000706200000|  0%| F|  |TS  0|AC  0|TAMS 0x0000000706100000, 0x0000000706100000|
|  98|0x0000000706200000, 0x0000000706200000, 0x0000000706300000|  0%| F|  |TS  0|AC  0|TAMS 0x0000000706200000, 0x0000000706200000|
|  99|0x0000000706300000, 0x0000000706300000, 0x0000000706400000|  0%| F|  |TS  0|AC  0|TAMS 0x0000000706300000, 0x0000000706300000|
| 100|0x0000000706400000, 0x0000000706400000, 0x0000000706500000|  0%| F|  |TS  0|AC  0|TAMS 0x0000000706400000, 0x0000000706400000|
| 101|0x0000000706500000, 0x0000000706600000, 0x0000000706600000|100%|HS|  |TS  0|AC  0|TAMS 0x0000000706500000, 0x0000000706500000|
| 102|0x0000000706600000, 0x0000000706700000, 0x0000000706700000|100%|HS|  |TS  0|AC  0|TAMS 0x0000000706600000, 0x0000000706600000|
| 103|0x0000000706700000, 0x0000000706800000, 0x0000000706800000|100%|HC|  |TS  0|AC  0|TAMS 0x0000000706700000, 0x0000000706700000|
| 104|0x0000000706800000, 0x0000000706900000, 0x0000000706900000|100%|HC|  |TS  0|AC  0|TAMS 0x0000000706800000, 0x0000000706800000|
| 105|0x0000000706900000, 0x0000000706a00000, 0x0000000706a00000|100%|HC|  |TS  0|AC  0|TAMS 0x0000000706900000, 0x0000000706900000|
| 106|0x0000000706a00000, 0x0000000706b00000, 0x0000000706b00000|100%|HC|  |TS  0|AC  0|TAMS 0x0000000706a00000, 0x0000000706a00000|
| 107|0x0000000706b00000, 0x0000000706c00000, 0x0000000706c00000|100%|HC|  |TS  0|AC  0|TAMS 0x0000000706b00000, 0x0000000706b00000|
| 108|0x0000000706c00000, 0x0000000706d00000, 0x0000000706d00000|100%|HC|  |TS  0|AC  0|TAMS 0x0000000706c00000, 0x0000000706c00000|
| 109|0x0000000706d00000, 0x0000000706e00000, 0x0000000706e00000|100%|HC|  |TS  0|AC  0|TAMS 0x0000000706d00000, 0x0000000706d00000|
| 110|0x0000000706e00000, 0x0000000706f00000, 0x0000000706f00000|100%|HS|  |TS  0|AC  0|TAMS 0x0000000706e00000, 0x0000000706e00000|
| 111|0x0000000706f00000, 0x0000000707000000, 0x0000000707000000|100%|HC|  |TS  0|AC  0|TAMS 0x0000000706f00000, 0x0000000706f00000|
| 112|0x0000000707000000, 0x0000000707100000, 0x0000000707100000|100%|HC|  |TS  0|AC  0|TAMS 0x0000000707000000, 0x0000000707000000|
| 113|0x0000000707100000, 0x0000000707200000, 0x0000000707200000|100%|HC|  |TS  0|AC  0|TAMS 0x0000000707100000, 0x0000000707100000|
| 114|0x0000000707200000, 0x0000000707300000, 0x0000000707300000|100%|HS|  |TS  0|AC  0|TAMS 0x0000000707200000, 0x0000000707200000|
| 115|0x0000000707300000, 0x0000000707400000, 0x0000000707400000|100%|HC|  |TS  0|AC  0|TAMS 0x0000000707300000, 0x0000000707300000|
| 116|0x0000000707400000, 0x0000000707500000, 0x0000000707500000|100%|HC|  |TS  0|AC  0|TAMS 0x0000000707400000, 0x0000000707400000|
| 117|0x0000000707500000, 0x0000000707600000, 0x0000000707600000|100%|HC|  |TS  0|AC  0|TAMS 0x0000000707500000, 0x0000000707500000|
| 118|0x0000000707600000, 0x0000000707700000, 0x0000000707700000|100%|HS|  |TS  0|AC  0|TAMS 0x0000000707600000, 0x0000000707600000|
| 119|0x0000000707700000, 0x0000000707800000, 0x0000000707800000|100%|HC|  |TS  0|AC  0|TAMS 0x0000000707700000, 0x0000000707700000|
| 120|0x0000000707800000, 0x0000000707800000, 0x0000000707900000|  0%| F|  |TS  0|AC  0|TAMS 0x0000000707800000, 0x0000000707800000|
| 121|0x0000000707900000, 0x0000000707a00000, 0x0000000707a00000|100%|HS|  |TS  0|AC  0|TAMS 0x0000000707900000, 0x0000000707900000|
| 122|0x0000000707a00000, 0x0000000707b00000, 0x0000000707b00000|100%|HC|  |TS  0|AC  0|TAMS 0x0000000707a00000, 0x0000000707a00000|
| 123|0x0000000707b00000, 0x0000000707b00000, 0x0000000707c00000|  0%| F|  |TS  0|AC  0|TAMS 0x0000000707b00000, 0x0000000707b00000|
| 124|0x0000000707c00000, 0x0000000707d00000, 0x0000000707d00000|100%|HS|  |TS  0|AC  0|TAMS 0x0000000707c00000, 0x0000000707c00000|
| 125|0x0000000707d00000, 0x0000000707e00000, 0x0000000707e00000|100%|HS|  |TS  0|AC  0|TAMS 0x0000000707d00000, 0x0000000707d00000|
| 126|0x0000000707e00000, 0x0000000707f00000, 0x0000000707f00000|100%|HC|  |TS  0|AC  0|TAMS 0x0000000707e00000, 0x0000000707e00000|
| 127|0x0000000707f00000, 0x0000000708000000, 0x0000000708000000|100%|HC|  |TS  0|AC  0|TAMS 0x0000000707f00000, 0x0000000707f00000|
| 128|0x0000000708000000, 0x0000000708100000, 0x0000000708100000|100%|HC|  |TS  0|AC  0|TAMS 0x0000000708000000, 0x0000000708000000|
| 129|0x0000000708100000, 0x0000000708200000, 0x0000000708200000|100%|HC|  |TS  0|AC  0|TAMS 0x0000000708100000, 0x0000000708100000|
| 130|0x0000000708200000, 0x0000000708300000, 0x0000000708300000|100%|HC|  |TS  0|AC  0|TAMS 0x0000000708200000, 0x0000000708200000|
| 131|0x0000000708300000, 0x0000000708400000, 0x0000000708400000|100%|HC|  |TS  0|AC  0|TAMS 0x0000000708300000, 0x0000000708300000|
| 132|0x0000000708400000, 0x0000000708500000, 0x0000000708500000|100%|HC|  |TS  0|AC  0|TAMS 0x0000000708400000, 0x0000000708400000|
| 133|0x0000000708500000, 0x0000000708600000, 0x0000000708600000|100%|HS|  |TS  0|AC  0|TAMS 0x0000000708500000, 0x0000000708500000|
| 134|0x0000000708600000, 0x0000000708700000, 0x0000000708700000|100%|HC|  |TS  0|AC  0|TAMS 0x0000000708600000, 0x0000000708600000|
| 135|0x0000000708700000, 0x0000000708800000, 0x0000000708800000|100%|HC|  |TS  0|AC  0|TAMS 0x0000000708700000, 0x0000000708700000|
| 136|0x0000000708800000, 0x0000000708900000, 0x0000000708900000|100%|HC|  |TS  0|AC  0|TAMS 0x0000000708800000, 0x0000000708800000|
| 137|0x0000000708900000, 0x0000000708a00000, 0x0000000708a00000|100%|HC|  |TS  0|AC  0|TAMS 0x0000000708900000, 0x0000000708900000|
| 138|0x0000000708a00000, 0x0000000708b00000, 0x0000000708b00000|100%|HC|  |TS  0|AC  0|TAMS 0x0000000708a00000, 0x0000000708a00000|
| 139|0x0000000708b00000, 0x0000000708c00000, 0x0000000708c00000|100%|HC|  |TS  0|AC  0|TAMS 0x0000000708b00000, 0x0000000708b00000|
| 140|0x0000000708c00000, 0x0000000708d00000, 0x0000000708d00000|100%|HC|  |TS  0|AC  0|TAMS 0x0000000708c00000, 0x0000000708c00000|
| 141|0x0000000708d00000, 0x0000000708d00000, 0x0000000708e00000|  0%| F|  |TS  0|AC  0|TAMS 0x0000000708d00000, 0x0000000708d00000|
| 142|0x0000000708e00000, 0x0000000708e00000, 0x0000000708f00000|  0%| F|  |TS  0|AC  0|TAMS 0x0000000708e00000, 0x0000000708e00000|
| 143|0x0000000708f00000, 0x0000000708f00000, 0x0000000709000000|  0%| F|  |TS  0|AC  0|TAMS 0x0000000708f00000, 0x0000000708f00000|
| 144|0x0000000709000000, 0x0000000709000000, 0x0000000709100000|  0%| F|  |TS  0|AC  0|TAMS 0x0000000709000000, 0x0000000709000000|
| 145|0x0000000709100000, 0x0000000709100000, 0x0000000709200000|  0%| F|  |TS  0|AC  0|TAMS 0x0000000709100000, 0x0000000709100000|
| 146|0x0000000709200000, 0x0000000709200000, 0x0000000709300000|  0%| F|  |TS  0|AC  0|TAMS 0x0000000709200000, 0x0000000709200000|
| 147|0x0000000709300000, 0x0000000709300000, 0x0000000709400000|  0%| F|  |TS  0|AC  0|TAMS 0x0000000709300000, 0x0000000709300000|
| 148|0x0000000709400000, 0x0000000709400000, 0x0000000709500000|  0%| F|  |TS  0|AC  0|TAMS 0x0000000709400000, 0x0000000709400000|
| 149|0x0000000709500000, 0x0000000709500000, 0x0000000709600000|  0%| F|  |TS  0|AC  0|TAMS 0x0000000709500000, 0x0000000709500000|
| 150|0x0000000709600000, 0x0000000709600000, 0x0000000709700000|  0%| F|  |TS  0|AC  0|TAMS 0x0000000709600000, 0x0000000709600000|
| 151|0x0000000709700000, 0x0000000709700000, 0x0000000709800000|  0%| F|  |TS  0|AC  0|TAMS 0x0000000709700000, 0x0000000709700000|
| 152|0x0000000709800000, 0x0000000709800000, 0x0000000709900000|  0%| F|  |TS  0|AC  0|TAMS 0x0000000709800000, 0x0000000709800000|
| 153|0x0000000709900000, 0x0000000709900000, 0x0000000709a00000|  0%| F|  |TS  0|AC  0|TAMS 0x0000000709900000, 0x0000000709900000|
| 154|0x0000000709a00000, 0x0000000709a00000, 0x0000000709b00000|  0%| F|  |TS  0|AC  0|TAMS 0x0000000709a00000, 0x0000000709a00000|
| 155|0x0000000709b00000, 0x0000000709b00000, 0x0000000709c00000|  0%| F|  |TS  0|AC  0|TAMS 0x0000000709b00000, 0x0000000709b00000|
| 156|0x0000000709c00000, 0x0000000709c00000, 0x0000000709d00000|  0%| F|  |TS  0|AC  0|TAMS 0x0000000709c00000, 0x0000000709c00000|
| 157|0x0000000709d00000, 0x0000000709d00000, 0x0000000709e00000|  0%| F|  |TS  0|AC  0|TAMS 0x0000000709d00000, 0x0000000709d00000|
| 158|0x0000000709e00000, 0x0000000709e00000, 0x0000000709f00000|  0%| F|  |TS  0|AC  0|TAMS 0x0000000709e00000, 0x0000000709e00000|
| 159|0x0000000709f00000, 0x0000000709f00000, 0x000000070a000000|  0%| F|  |TS  0|AC  0|TAMS 0x0000000709f00000, 0x0000000709f00000|
| 160|0x000000070a000000, 0x000000070a000000, 0x000000070a100000|  0%| F|  |TS  0|AC  0|TAMS 0x000000070a000000, 0x000000070a000000|
| 161|0x000000070a100000, 0x000000070a100000, 0x000000070a200000|  0%| F|  |TS  0|AC  0|TAMS 0x000000070a100000, 0x000000070a100000|
| 162|0x000000070a200000, 0x000000070a200000, 0x000000070a300000|  0%| F|  |TS  0|AC  0|TAMS 0x000000070a200000, 0x000000070a200000|
| 163|0x000000070a300000, 0x000000070a300000, 0x000000070a400000|  0%| F|  |TS  0|AC  0|TAMS 0x000000070a300000, 0x000000070a300000|
| 164|0x000000070a400000, 0x000000070a400000, 0x000000070a500000|  0%| F|  |TS  0|AC  0|TAMS 0x000000070a400000, 0x000000070a400000|
| 165|0x000000070a500000, 0x000000070a500000, 0x000000070a600000|  0%| F|  |TS  0|AC  0|TAMS 0x000000070a500000, 0x000000070a500000|
| 166|0x000000070a600000, 0x000000070a600000, 0x000000070a700000|  0%| F|  |TS  0|AC  0|TAMS 0x000000070a600000, 0x000000070a600000|
| 167|0x000000070a700000, 0x000000070a700000, 0x000000070a800000|  0%| F|  |TS  0|AC  0|TAMS 0x000000070a700000, 0x000000070a700000|
| 168|0x000000070a800000, 0x000000070a800000, 0x000000070a900000|  0%| F|  |TS  0|AC  0|TAMS 0x000000070a800000, 0x000000070a800000|
| 169|0x000000070a900000, 0x000000070a900000, 0x000000070aa00000|  0%| F|  |TS  0|AC  0|TAMS 0x000000070a900000, 0x000000070a900000|
| 170|0x000000070aa00000, 0x000000070aa00000, 0x000000070ab00000|  0%| F|  |TS  0|AC  0|TAMS 0x000000070aa00000, 0x000000070aa00000|
| 171|0x000000070ab00000, 0x000000070ab00000, 0x000000070ac00000|  0%| F|  |TS  0|AC  0|TAMS 0x000000070ab00000, 0x000000070ab00000|
| 172|0x000000070ac00000, 0x000000070ac00000, 0x000000070ad00000|  0%| F|  |TS  0|AC  0|TAMS 0x000000070ac00000, 0x000000070ac00000|
| 173|0x000000070ad00000, 0x000000070ad00000, 0x000000070ae00000|  0%| F|  |TS  0|AC  0|TAMS 0x000000070ad00000, 0x000000070ad00000|
| 174|0x000000070ae00000, 0x000000070ae00000, 0x000000070af00000|  0%| F|  |TS  0|AC  0|TAMS 0x000000070ae00000, 0x000000070ae00000|
| 175|0x000000070af00000, 0x000000070af00000, 0x000000070b000000|  0%| F|  |TS  0|AC  0|TAMS 0x000000070af00000, 0x000000070af00000|
| 176|0x000000070b000000, 0x000000070b000000, 0x000000070b100000|  0%| F|  |TS  0|AC  0|TAMS 0x000000070b000000, 0x000000070b000000|
| 177|0x000000070b100000, 0x000000070b100000, 0x000000070b200000|  0%| F|  |TS  0|AC  0|TAMS 0x000000070b100000, 0x000000070b100000|
| 178|0x000000070b200000, 0x000000070b200000, 0x000000070b300000|  0%| F|  |TS  0|AC  0|TAMS 0x000000070b200000, 0x000000070b200000|
| 179|0x000000070b300000, 0x000000070b300000, 0x000000070b400000|  0%| F|  |TS  0|AC  0|TAMS 0x000000070b300000, 0x000000070b300000|
| 180|0x000000070b400000, 0x000000070b400000, 0x000000070b500000|  0%| F|  |TS  0|AC  0|TAMS 0x000000070b400000, 0x000000070b400000|
| 181|0x000000070b500000, 0x000000070b500000, 0x000000070b600000|  0%| F|  |TS  0|AC  0|TAMS 0x000000070b500000, 0x000000070b500000|
| 182|0x000000070b600000, 0x000000070b600000, 0x000000070b700000|  0%| F|  |TS  0|AC  0|TAMS 0x000000070b600000, 0x000000070b600000|
| 183|0x000000070b700000, 0x000000070b700000, 0x000000070b800000|  0%| F|  |TS  0|AC  0|TAMS 0x000000070b700000, 0x000000070b700000|
| 184|0x000000070b800000, 0x000000070b800000, 0x000000070b900000|  0%| F|  |TS  0|AC  0|TAMS 0x000000070b800000, 0x000000070b800000|
| 185|0x000000070b900000, 0x000000070b900000, 0x000000070ba00000|  0%| F|  |TS  0|AC  0|TAMS 0x000000070b900000, 0x000000070b900000|
| 186|0x000000070ba00000, 0x000000070ba00000, 0x000000070bb00000|  0%| F|  |TS  0|AC  0|TAMS 0x000000070ba00000, 0x000000070ba00000|
| 187|0x000000070bb00000, 0x000000070bb00000, 0x000000070bc00000|  0%| F|  |TS  0|AC  0|TAMS 0x000000070bb00000, 0x000000070bb00000|
| 188|0x000000070bc00000, 0x000000070bc00000, 0x000000070bd00000|  0%| F|  |TS  0|AC  0|TAMS 0x000000070bc00000, 0x000000070bc00000|
| 189|0x000000070bd00000, 0x000000070bd00000, 0x000000070be00000|  0%| F|  |TS  0|AC  0|TAMS 0x000000070bd00000, 0x000000070bd00000|
| 190|0x000000070be00000, 0x000000070be00000, 0x000000070bf00000|  0%| F|  |TS  0|AC  0|TAMS 0x000000070be00000, 0x000000070be00000|
| 191|0x000000070bf00000, 0x000000070bf00000, 0x000000070c000000|  0%| F|  |TS  0|AC  0|TAMS 0x000000070bf00000, 0x000000070bf00000|
| 192|0x000000070c000000, 0x000000070c000000, 0x000000070c100000|  0%| F|  |TS  0|AC  0|TAMS 0x000000070c000000, 0x000000070c000000|
| 193|0x000000070c100000, 0x000000070c100000, 0x000000070c200000|  0%| F|  |TS  0|AC  0|TAMS 0x000000070c100000, 0x000000070c100000|
| 194|0x000000070c200000, 0x000000070c200000, 0x000000070c300000|  0%| F|  |TS  0|AC  0|TAMS 0x000000070c200000, 0x000000070c200000|
| 195|0x000000070c300000, 0x000000070c300000, 0x000000070c400000|  0%| F|  |TS  0|AC  0|TAMS 0x000000070c300000, 0x000000070c300000|
| 196|0x000000070c400000, 0x000000070c400000, 0x000000070c500000|  0%| F|  |TS  0|AC  0|TAMS 0x000000070c400000, 0x000000070c400000|
| 197|0x000000070c500000, 0x000000070c500000, 0x000000070c600000|  0%| F|  |TS  0|AC  0|TAMS 0x000000070c500000, 0x000000070c500000|
| 198|0x000000070c600000, 0x000000070c600000, 0x000000070c700000|  0%| F|  |TS  0|AC  0|TAMS 0x000000070c600000, 0x000000070c600000|
| 199|0x000000070c700000, 0x000000070c700000, 0x000000070c800000|  0%| F|  |TS  0|AC  0|TAMS 0x000000070c700000, 0x000000070c700000|
| 200|0x000000070c800000, 0x000000070c800000, 0x000000070c900000|  0%| F|  |TS  0|AC  0|TAMS 0x000000070c800000, 0x000000070c800000|
| 201|0x000000070c900000, 0x000000070c900000, 0x000000070ca00000|  0%| F|  |TS  0|AC  0|TAMS 0x000000070c900000, 0x000000070c900000|
| 202|0x000000070ca00000, 0x000000070ca00000, 0x000000070cb00000|  0%| F|  |TS  0|AC  0|TAMS 0x000000070ca00000, 0x000000070ca00000|
| 203|0x000000070cb00000, 0x000000070cb00000, 0x000000070cc00000|  0%| F|  |TS  0|AC  0|TAMS 0x000000070cb00000, 0x000000070cb00000|
| 204|0x000000070cc00000, 0x000000070cc00000, 0x000000070cd00000|  0%| F|  |TS  0|AC  0|TAMS 0x000000070cc00000, 0x000000070cc00000|
| 205|0x000000070cd00000, 0x000000070cd00000, 0x000000070ce00000|  0%| F|  |TS  0|AC  0|TAMS 0x000000070cd00000, 0x000000070cd00000|
| 206|0x000000070ce00000, 0x000000070ce00000, 0x000000070cf00000|  0%| F|  |TS  0|AC  0|TAMS 0x000000070ce00000, 0x000000070ce00000|
| 207|0x000000070cf00000, 0x000000070cf00000, 0x000000070d000000|  0%| F|  |TS  0|AC  0|TAMS 0x000000070cf00000, 0x000000070cf00000|
| 208|0x000000070d000000, 0x000000070d000000, 0x000000070d100000|  0%| F|  |TS  0|AC  0|TAMS 0x000000070d000000, 0x000000070d000000|
| 209|0x000000070d100000, 0x000000070d100000, 0x000000070d200000|  0%| F|  |TS  0|AC  0|TAMS 0x000000070d100000, 0x000000070d100000|
| 210|0x000000070d200000, 0x000000070d200000, 0x000000070d300000|  0%| F|  |TS  0|AC  0|TAMS 0x000000070d200000, 0x000000070d200000|
| 211|0x000000070d300000, 0x000000070d300000, 0x000000070d400000|  0%| F|  |TS  0|AC  0|TAMS 0x000000070d300000, 0x000000070d300000|
| 212|0x000000070d400000, 0x000000070d400000, 0x000000070d500000|  0%| F|  |TS  0|AC  0|TAMS 0x000000070d400000, 0x000000070d400000|
| 213|0x000000070d500000, 0x000000070d500000, 0x000000070d600000|  0%| F|  |TS  0|AC  0|TAMS 0x000000070d500000, 0x000000070d500000|
| 214|0x000000070d600000, 0x000000070d600000, 0x000000070d700000|  0%| F|  |TS  0|AC  0|TAMS 0x000000070d600000, 0x000000070d600000|
| 215|0x000000070d700000, 0x000000070d700000, 0x000000070d800000|  0%| F|  |TS  0|AC  0|TAMS 0x000000070d700000, 0x000000070d700000|
| 216|0x000000070d800000, 0x000000070d800000, 0x000000070d900000|  0%| F|  |TS  0|AC  0|TAMS 0x000000070d800000, 0x000000070d800000|
| 217|0x000000070d900000, 0x000000070d900000, 0x000000070da00000|  0%| F|  |TS  0|AC  0|TAMS 0x000000070d900000, 0x000000070d900000|
| 218|0x000000070da00000, 0x000000070da00000, 0x000000070db00000|  0%| F|  |TS  0|AC  0|TAMS 0x000000070da00000, 0x000000070da00000|
| 219|0x000000070db00000, 0x000000070db00000, 0x000000070dc00000|  0%| F|  |TS  0|AC  0|TAMS 0x000000070db00000, 0x000000070db00000|
| 220|0x000000070dc00000, 0x000000070dc00000, 0x000000070dd00000|  0%| F|  |TS  0|AC  0|TAMS 0x000000070dc00000, 0x000000070dc00000|
| 221|0x000000070dd00000, 0x000000070dd00000, 0x000000070de00000|  0%| F|  |TS  0|AC  0|TAMS 0x000000070dd00000, 0x000000070dd00000|
| 222|0x000000070de00000, 0x000000070de00000, 0x000000070df00000|  0%| F|  |TS  0|AC  0|TAMS 0x000000070de00000, 0x000000070de00000|
| 223|0x000000070df00000, 0x000000070df00000, 0x000000070e000000|  0%| F|  |TS  0|AC  0|TAMS 0x000000070df00000, 0x000000070df00000|
| 224|0x000000070e000000, 0x000000070e000000, 0x000000070e100000|  0%| F|  |TS  0|AC  0|TAMS 0x000000070e000000, 0x000000070e000000|
| 225|0x000000070e100000, 0x000000070e100000, 0x000000070e200000|  0%| F|  |TS  0|AC  0|TAMS 0x000000070e100000, 0x000000070e100000|
| 226|0x000000070e200000, 0x000000070e200000, 0x000000070e300000|  0%| F|  |TS  0|AC  0|TAMS 0x000000070e200000, 0x000000070e200000|
| 227|0x000000070e300000, 0x000000070e300000, 0x000000070e400000|  0%| F|  |TS  0|AC  0|TAMS 0x000000070e300000, 0x000000070e300000|
| 228|0x000000070e400000, 0x000000070e400000, 0x000000070e500000|  0%| F|  |TS  0|AC  0|TAMS 0x000000070e400000, 0x000000070e400000|
| 229|0x000000070e500000, 0x000000070e500000, 0x000000070e600000|  0%| F|  |TS  0|AC  0|TAMS 0x000000070e500000, 0x000000070e500000|
| 230|0x000000070e600000, 0x000000070e600000, 0x000000070e700000|  0%| F|  |TS  0|AC  0|TAMS 0x000000070e600000, 0x000000070e600000|
| 231|0x000000070e700000, 0x000000070e700000, 0x000000070e800000|  0%| F|  |TS  0|AC  0|TAMS 0x000000070e700000, 0x000000070e700000|
| 232|0x000000070e800000, 0x000000070e800000, 0x000000070e900000|  0%| F|  |TS  0|AC  0|TAMS 0x000000070e800000, 0x000000070e800000|
| 233|0x000000070e900000, 0x000000070e900000, 0x000000070ea00000|  0%| F|  |TS  0|AC  0|TAMS 0x000000070e900000, 0x000000070e900000|
| 234|0x000000070ea00000, 0x000000070ea00000, 0x000000070eb00000|  0%| F|  |TS  0|AC  0|TAMS 0x000000070ea00000, 0x000000070ea00000|
| 235|0x000000070eb00000, 0x000000070eb00000, 0x000000070ec00000|  0%| F|  |TS  0|AC  0|TAMS 0x000000070eb00000, 0x000000070eb00000|
| 236|0x000000070ec00000, 0x000000070ec00000, 0x000000070ed00000|  0%| F|  |TS  0|AC  0|TAMS 0x000000070ec00000, 0x000000070ec00000|
| 237|0x000000070ed00000, 0x000000070ed00000, 0x000000070ee00000|  0%| F|  |TS  0|AC  0|TAMS 0x000000070ed00000, 0x000000070ed00000|
| 238|0x000000070ee00000, 0x000000070ee00000, 0x000000070ef00000|  0%| F|  |TS  0|AC  0|TAMS 0x000000070ee00000, 0x000000070ee00000|
| 239|0x000000070ef00000, 0x000000070ef00000, 0x000000070f000000|  0%| F|  |TS  0|AC  0|TAMS 0x000000070ef00000, 0x000000070ef00000|
| 240|0x000000070f000000, 0x000000070f000000, 0x000000070f100000|  0%| F|  |TS  0|AC  0|TAMS 0x000000070f000000, 0x000000070f000000|
| 241|0x000000070f100000, 0x000000070f100000, 0x000000070f200000|  0%| F|  |TS  0|AC  0|TAMS 0x000000070f100000, 0x000000070f100000|
| 242|0x000000070f200000, 0x000000070f200000, 0x000000070f300000|  0%| F|  |TS  0|AC  0|TAMS 0x000000070f200000, 0x000000070f200000|
| 243|0x000000070f300000, 0x000000070f300000, 0x000000070f400000|  0%| F|  |TS  0|AC  0|TAMS 0x000000070f300000, 0x000000070f300000|
| 244|0x000000070f400000, 0x000000070f400000, 0x000000070f500000|  0%| F|  |TS  0|AC  0|TAMS 0x000000070f400000, 0x000000070f400000|
| 245|0x000000070f500000, 0x000000070f500000, 0x000000070f600000|  0%| F|  |TS  0|AC  0|TAMS 0x000000070f500000, 0x000000070f500000|
| 246|0x000000070f600000, 0x000000070f600000, 0x000000070f700000|  0%| F|  |TS  0|AC  0|TAMS 0x000000070f600000, 0x000000070f600000|
| 247|0x000000070f700000, 0x000000070f700000, 0x000000070f800000|  0%| F|  |TS  0|AC  0|TAMS 0x000000070f700000, 0x000000070f700000|
| 248|0x000000070f800000, 0x000000070f800000, 0x000000070f900000|  0%| F|  |TS  0|AC  0|TAMS 0x000000070f800000, 0x000000070f800000|
| 249|0x000000070f900000, 0x000000070f900000, 0x000000070fa00000|  0%| F|  |TS  0|AC  0|TAMS 0x000000070f900000, 0x000000070f900000|
| 250|0x000000070fa00000, 0x000000070fa00000, 0x000000070fb00000|  0%| F|  |TS  0|AC  0|TAMS 0x000000070fa00000, 0x000000070fa00000|
| 251|0x000000070fb00000, 0x000000070fb00000, 0x000000070fc00000|  0%| F|  |TS  0|AC  0|TAMS 0x000000070fb00000, 0x000000070fb00000|
| 252|0x000000070fc00000, 0x000000070fc00000, 0x000000070fd00000|  0%| F|  |TS  0|AC  0|TAMS 0x000000070fc00000, 0x000000070fc00000|
| 253|0x000000070fd00000, 0x000000070fd00000, 0x000000070fe00000|  0%| F|  |TS  0|AC  0|TAMS 0x000000070fd00000, 0x000000070fd00000|
| 254|0x000000070fe00000, 0x000000070fe00000, 0x000000070ff00000|  0%| F|  |TS  0|AC  0|TAMS 0x000000070fe00000, 0x000000070fe00000|
| 255|0x000000070ff00000, 0x000000070ff00000, 0x0000000710000000|  0%| F|  |TS  0|AC  0|TAMS 0x000000070ff00000, 0x000000070ff00000|
| 256|0x0000000710000000, 0x0000000710000000, 0x0000000710100000|  0%| F|  |TS  0|AC  0|TAMS 0x0000000710000000, 0x0000000710000000|
| 257|0x0000000710100000, 0x0000000710100000, 0x0000000710200000|  0%| F|  |TS  0|AC  0|TAMS 0x0000000710100000, 0x0000000710100000|
| 258|0x0000000710200000, 0x0000000710200000, 0x0000000710300000|  0%| F|  |TS  0|AC  0|TAMS 0x0000000710200000, 0x0000000710200000|
| 259|0x0000000710300000, 0x0000000710300000, 0x0000000710400000|  0%| F|  |TS  0|AC  0|TAMS 0x0000000710300000, 0x0000000710300000|
| 260|0x0000000710400000, 0x0000000710400000, 0x0000000710500000|  0%| F|  |TS  0|AC  0|TAMS 0x0000000710400000, 0x0000000710400000|
| 261|0x0000000710500000, 0x0000000710500000, 0x0000000710600000|  0%| F|  |TS  0|AC  0|TAMS 0x0000000710500000, 0x0000000710500000|
| 262|0x0000000710600000, 0x0000000710600000, 0x0000000710700000|  0%| F|  |TS  0|AC  0|TAMS 0x0000000710600000, 0x0000000710600000|
| 263|0x0000000710700000, 0x0000000710700000, 0x0000000710800000|  0%| F|  |TS  0|AC  0|TAMS 0x0000000710700000, 0x0000000710700000|
| 264|0x0000000710800000, 0x0000000710800000, 0x0000000710900000|  0%| F|  |TS  0|AC  0|TAMS 0x0000000710800000, 0x0000000710800000|
| 265|0x0000000710900000, 0x0000000710900000, 0x0000000710a00000|  0%| F|  |TS  0|AC  0|TAMS 0x0000000710900000, 0x0000000710900000|
| 266|0x0000000710a00000, 0x0000000710a00000, 0x0000000710b00000|  0%| F|  |TS  0|AC  0|TAMS 0x0000000710a00000, 0x0000000710a00000|
| 267|0x0000000710b00000, 0x0000000710b00000, 0x0000000710c00000|  0%| F|  |TS  0|AC  0|TAMS 0x0000000710b00000, 0x0000000710b00000|
| 268|0x0000000710c00000, 0x0000000710c00000, 0x0000000710d00000|  0%| F|  |TS  0|AC  0|TAMS 0x0000000710c00000, 0x0000000710c00000|
| 269|0x0000000710d00000, 0x0000000710d00000, 0x0000000710e00000|  0%| F|  |TS  0|AC  0|TAMS 0x0000000710d00000, 0x0000000710d00000|
| 270|0x0000000710e00000, 0x0000000710e00000, 0x0000000710f00000|  0%| F|  |TS  0|AC  0|TAMS 0x0000000710e00000, 0x0000000710e00000|
| 271|0x0000000710f00000, 0x0000000710f00000, 0x0000000711000000|  0%| F|  |TS  0|AC  0|TAMS 0x0000000710f00000, 0x0000000710f00000|
| 272|0x0000000711000000, 0x0000000711000000, 0x0000000711100000|  0%| F|  |TS  0|AC  0|TAMS 0x0000000711000000, 0x0000000711000000|
| 273|0x0000000711100000, 0x0000000711100000, 0x0000000711200000|  0%| F|  |TS  0|AC  0|TAMS 0x0000000711100000, 0x0000000711100000|
| 274|0x0000000711200000, 0x0000000711200000, 0x0000000711300000|  0%| F|  |TS  0|AC  0|TAMS 0x0000000711200000, 0x0000000711200000|
| 275|0x0000000711300000, 0x0000000711300000, 0x0000000711400000|  0%| F|  |TS  0|AC  0|TAMS 0x0000000711300000, 0x0000000711300000|
| 276|0x0000000711400000, 0x0000000711400000, 0x0000000711500000|  0%| F|  |TS  0|AC  0|TAMS 0x0000000711400000, 0x0000000711400000|
| 277|0x0000000711500000, 0x0000000711500000, 0x0000000711600000|  0%| F|  |TS  0|AC  0|TAMS 0x0000000711500000, 0x0000000711500000|
| 278|0x0000000711600000, 0x0000000711600000, 0x0000000711700000|  0%| F|  |TS  0|AC  0|TAMS 0x0000000711600000, 0x0000000711600000|
| 279|0x0000000711700000, 0x0000000711700000, 0x0000000711800000|  0%| F|  |TS  0|AC  0|TAMS 0x0000000711700000, 0x0000000711700000|
| 280|0x0000000711800000, 0x0000000711800000, 0x0000000711900000|  0%| F|  |TS  0|AC  0|TAMS 0x0000000711800000, 0x0000000711800000|
| 281|0x0000000711900000, 0x0000000711900000, 0x0000000711a00000|  0%| F|  |TS  0|AC  0|TAMS 0x0000000711900000, 0x0000000711900000|
| 282|0x0000000711a00000, 0x0000000711a00000, 0x0000000711b00000|  0%| F|  |TS  0|AC  0|TAMS 0x0000000711a00000, 0x0000000711a00000|
| 283|0x0000000711b00000, 0x0000000711b00000, 0x0000000711c00000|  0%| F|  |TS  0|AC  0|TAMS 0x0000000711b00000, 0x0000000711b00000|
| 284|0x0000000711c00000, 0x0000000711c00000, 0x0000000711d00000|  0%| F|  |TS  0|AC  0|TAMS 0x0000000711c00000, 0x0000000711c00000|
| 285|0x0000000711d00000, 0x0000000711d00000, 0x0000000711e00000|  0%| F|  |TS  0|AC  0|TAMS 0x0000000711d00000, 0x0000000711d00000|
| 286|0x0000000711e00000, 0x0000000711e00000, 0x0000000711f00000|  0%| F|  |TS  0|AC  0|TAMS 0x0000000711e00000, 0x0000000711e00000|
| 287|0x0000000711f00000, 0x0000000711f00000, 0x0000000712000000|  0%| F|  |TS  0|AC  0|TAMS 0x0000000711f00000, 0x0000000711f00000|
| 288|0x0000000712000000, 0x0000000712000000, 0x0000000712100000|  0%| F|  |TS  0|AC  0|TAMS 0x0000000712000000, 0x0000000712000000|
| 289|0x0000000712100000, 0x0000000712100000, 0x0000000712200000|  0%| F|  |TS  0|AC  0|TAMS 0x0000000712100000, 0x0000000712100000|
| 290|0x0000000712200000, 0x0000000712200000, 0x0000000712300000|  0%| F|  |TS  0|AC  0|TAMS 0x0000000712200000, 0x0000000712200000|
| 291|0x0000000712300000, 0x0000000712300000, 0x0000000712400000|  0%| F|  |TS  0|AC  0|TAMS 0x0000000712300000, 0x0000000712300000|
| 292|0x0000000712400000, 0x0000000712400000, 0x0000000712500000|  0%| F|  |TS  0|AC  0|TAMS 0x0000000712400000, 0x0000000712400000|
| 293|0x0000000712500000, 0x0000000712500000, 0x0000000712600000|  0%| F|  |TS  0|AC  0|TAMS 0x0000000712500000, 0x0000000712500000|
| 294|0x0000000712600000, 0x0000000712600000, 0x0000000712700000|  0%| F|  |TS  0|AC  0|TAMS 0x0000000712600000, 0x0000000712600000|
| 295|0x0000000712700000, 0x0000000712700000, 0x0000000712800000|  0%| F|  |TS  0|AC  0|TAMS 0x0000000712700000, 0x0000000712700000|
| 296|0x0000000712800000, 0x0000000712800000, 0x0000000712900000|  0%| F|  |TS  0|AC  0|TAMS 0x0000000712800000, 0x0000000712800000|
| 297|0x0000000712900000, 0x0000000712900000, 0x0000000712a00000|  0%| F|  |TS  0|AC  0|TAMS 0x0000000712900000, 0x0000000712900000|
| 298|0x0000000712a00000, 0x0000000712a00000, 0x0000000712b00000|  0%| F|  |TS  0|AC  0|TAMS 0x0000000712a00000, 0x0000000712a00000|
| 299|0x0000000712b00000, 0x0000000712b00000, 0x0000000712c00000|  0%| F|  |TS  0|AC  0|TAMS 0x0000000712b00000, 0x0000000712b00000|
| 300|0x0000000712c00000, 0x0000000712c00000, 0x0000000712d00000|  0%| F|  |TS  0|AC  0|TAMS 0x0000000712c00000, 0x0000000712c00000|
| 301|0x0000000712d00000, 0x0000000712d00000, 0x0000000712e00000|  0%| F|  |TS  0|AC  0|TAMS 0x0000000712d00000, 0x0000000712d00000|
| 302|0x0000000712e00000, 0x0000000712e00000, 0x0000000712f00000|  0%| F|  |TS  0|AC  0|TAMS 0x0000000712e00000, 0x0000000712e00000|
| 303|0x0000000712f00000, 0x0000000712f00000, 0x0000000713000000|  0%| F|  |TS  0|AC  0|TAMS 0x0000000712f00000, 0x0000000712f00000|
| 304|0x0000000713000000, 0x0000000713000000, 0x0000000713100000|  0%| F|  |TS  0|AC  0|TAMS 0x0000000713000000, 0x0000000713000000|
| 305|0x0000000713100000, 0x0000000713100000, 0x0000000713200000|  0%| F|  |TS  0|AC  0|TAMS 0x0000000713100000, 0x0000000713100000|
| 306|0x0000000713200000, 0x0000000713200000, 0x0000000713300000|  0%| F|  |TS  0|AC  0|TAMS 0x0000000713200000, 0x0000000713200000|
| 307|0x0000000713300000, 0x0000000713300000, 0x0000000713400000|  0%| F|  |TS  0|AC  0|TAMS 0x0000000713300000, 0x0000000713300000|
| 308|0x0000000713400000, 0x0000000713400000, 0x0000000713500000|  0%| F|  |TS  0|AC  0|TAMS 0x0000000713400000, 0x0000000713400000|
| 309|0x0000000713500000, 0x0000000713500000, 0x0000000713600000|  0%| F|  |TS  0|AC  0|TAMS 0x0000000713500000, 0x0000000713500000|
| 310|0x0000000713600000, 0x0000000713600000, 0x0000000713700000|  0%| F|  |TS  0|AC  0|TAMS 0x0000000713600000, 0x0000000713600000|
| 311|0x0000000713700000, 0x0000000713700000, 0x0000000713800000|  0%| F|  |TS  0|AC  0|TAMS 0x0000000713700000, 0x0000000713700000|
| 312|0x0000000713800000, 0x0000000713800000, 0x0000000713900000|  0%| F|  |TS  0|AC  0|TAMS 0x0000000713800000, 0x0000000713800000|
| 313|0x0000000713900000, 0x00000007139a1800, 0x0000000713a00000| 63%| E|  |TS  0|AC  0|TAMS 0x0000000713900000, 0x0000000713900000|
| 314|0x0000000713a00000, 0x0000000713b00000, 0x0000000713b00000|100%| E|CS|TS  0|AC  0|TAMS 0x0000000713a00000, 0x0000000713a00000|
| 315|0x0000000713b00000, 0x0000000713c00000, 0x0000000713c00000|100%| E|CS|TS  0|AC  0|TAMS 0x0000000713b00000, 0x0000000713b00000|
| 316|0x0000000713c00000, 0x0000000713d00000, 0x0000000713d00000|100%| E|CS|TS  0|AC  0|TAMS 0x0000000713c00000, 0x0000000713c00000|
| 317|0x0000000713d00000, 0x0000000713e00000, 0x0000000713e00000|100%| E|CS|TS  0|AC  0|TAMS 0x0000000713d00000, 0x0000000713d00000|
| 318|0x0000000713e00000, 0x0000000713f00000, 0x0000000713f00000|100%| E|CS|TS  0|AC  0|TAMS 0x0000000713e00000, 0x0000000713e00000|
| 319|0x0000000713f00000, 0x0000000714000000, 0x0000000714000000|100%| E|CS|TS  0|AC  0|TAMS 0x0000000713f00000, 0x0000000713f00000|
| 320|0x0000000714000000, 0x0000000714100000, 0x0000000714100000|100%| E|CS|TS  0|AC  0|TAMS 0x0000000714000000, 0x0000000714000000|
| 321|0x0000000714100000, 0x0000000714200000, 0x0000000714200000|100%| E|CS|TS  0|AC  0|TAMS 0x0000000714100000, 0x0000000714100000|
| 322|0x0000000714200000, 0x0000000714300000, 0x0000000714300000|100%| E|CS|TS  0|AC  0|TAMS 0x0000000714200000, 0x0000000714200000|
| 323|0x0000000714300000, 0x0000000714400000, 0x0000000714400000|100%| E|CS|TS  0|AC  0|TAMS 0x0000000714300000, 0x0000000714300000|

Card table byte_map: [0x00000264313a0000,0x00000264319a0000] byte_map_base: 0x000002642dba0000

Marking Bits (Prev, Next): (CMBitMap*) 0x0000026416abe508, (CMBitMap*) 0x0000026416abe4d0
 Prev Bits: [0x0000026434fa0000, 0x0000026437fa0000)
 Next Bits: [0x0000026431fa0000, 0x0000026434fa0000)

Polling page: 0x00000264110b0000

CodeHeap 'non-profiled nmethods': size=120064Kb used=26391Kb max_used=26610Kb free=93672Kb
 bounds [0x0000026429260000, 0x000002642aca0000, 0x00000264307a0000]
CodeHeap 'profiled nmethods': size=120000Kb used=50457Kb max_used=51058Kb free=69542Kb
 bounds [0x0000026421d30000, 0x0000026425100000, 0x0000026429260000]
CodeHeap 'non-nmethods': size=5696Kb used=1903Kb max_used=1952Kb free=3792Kb
 bounds [0x00000264217a0000, 0x0000026421a10000, 0x0000026421d30000]
 total_blobs=40671 nmethods=20247 adapters=1301
 compilation: enabled

Compilation events (10 events):
Event: 1471.162 Thread 0x00000264156ac800 nmethod 27627 0x000002642378ea10 code [0x000002642378ec20, 0x000002642378f480]
Event: 1471.163 Thread 0x00000264156ac800 27630       3       java.io.PrintStream::print (9 bytes)
Event: 1471.166 Thread 0x0000026416aa3000 nmethod 27629 0x000002642a61d910 code [0x000002642a61daa0, 0x000002642a61db78]
Event: 1471.166 Thread 0x00000264156ac800 nmethod 27630 0x000002642347d990 code [0x000002642347db60, 0x000002642347de10]
Event: 1471.166 Thread 0x00000264156ac800 27631   !   3       java.io.PrintStream::write (83 bytes)
Event: 1471.168 Thread 0x00000264156ac800 nmethod 27631 0x0000026423c38890 code [0x0000026423c38b40, 0x0000026423c39a80]
Event: 1471.168 Thread 0x00000264156ac800 27632       3       java.lang.Throwable$WrappedPrintStream::println (9 bytes)
Event: 1471.168 Thread 0x00000264156ac800 nmethod 27632 0x0000026423827610 code [0x0000026423827820, 0x0000026423827f60]
Event: 1471.170 Thread 0x00000264156ac800 27633       1       java.io.OutputStream::flush (1 bytes)
Event: 1471.170 Thread 0x00000264156ac800 nmethod 27633 0x000002642a61d590 code [0x000002642a61d740, 0x000002642a61d858]

GC Heap History (10 events):
Event: 1383.828 GC heap before
{Heap before GC invocations=536 (full 38):
 garbage-first heap   total 331776K, used 180031K [0x0000000700000000, 0x0000000700100a20, 0x00000007c0000000)
  region size 1024K, 60 young (61440K), 1 survivors (1024K)
 Metaspace       used 93578K, capacity 100992K, committed 101296K, reserved 1136640K
  class space    used 13187K, capacity 14454K, committed 14512K, reserved 1048576K
}
Event: 1383.832 GC heap after
{Heap after GC invocations=537 (full 38):
 garbage-first heap   total 331776K, used 120340K [0x0000000700000000, 0x0000000700100a20, 0x00000007c0000000)
  region size 1024K, 2 young (2048K), 2 survivors (2048K)
 Metaspace       used 93578K, capacity 100992K, committed 101296K, reserved 1136640K
  class space    used 13187K, capacity 14454K, committed 14512K, reserved 1048576K
}
Event: 1387.735 GC heap before
{Heap before GC invocations=537 (full 38):
 garbage-first heap   total 331776K, used 184852K [0x0000000700000000, 0x0000000700100a20, 0x00000007c0000000)
  region size 1024K, 60 young (61440K), 2 survivors (2048K)
 Metaspace       used 94678K, capacity 102178K, committed 102320K, reserved 1136640K
  class space    used 13393K, capacity 14691K, committed 14768K, reserved 1048576K
}
Event: 1387.741 GC heap after
{Heap after GC invocations=538 (full 38):
 garbage-first heap   total 331776K, used 127808K [0x0000000700000000, 0x0000000700100a20, 0x00000007c0000000)
  region size 1024K, 4 young (4096K), 4 survivors (4096K)
 Metaspace       used 94678K, capacity 102178K, committed 102320K, reserved 1136640K
  class space    used 13393K, capacity 14691K, committed 14768K, reserved 1048576K
}
Event: 1389.267 GC heap before
{Heap before GC invocations=538 (full 38):
 garbage-first heap   total 331776K, used 166720K [0x0000000700000000, 0x0000000700100a20, 0x00000007c0000000)
  region size 1024K, 42 young (43008K), 4 survivors (4096K)
 Metaspace       used 94795K, capacity 102274K, committed 102320K, reserved 1136640K
  class space    used 13420K, capacity 14723K, committed 14768K, reserved 1048576K
}
Event: 1389.506 GC heap after
{Heap after GC invocations=539 (full 39):
 garbage-first heap   total 331776K, used 120486K [0x0000000700000000, 0x0000000700100a20, 0x00000007c0000000)
  region size 1024K, 0 young (0K), 0 survivors (0K)
 Metaspace       used 94795K, capacity 102274K, committed 102320K, reserved 1136640K
  class space    used 13420K, capacity 14723K, committed 14768K, reserved 1048576K
}
Event: 1390.905 GC heap before
{Heap before GC invocations=539 (full 39):
 garbage-first heap   total 331776K, used 182950K [0x0000000700000000, 0x0000000700100a20, 0x00000007c0000000)
  region size 1024K, 60 young (61440K), 0 survivors (0K)
 Metaspace       used 94801K, capacity 102274K, committed 102320K, reserved 1136640K
  class space    used 13420K, capacity 14723K, committed 14768K, reserved 1048576K
}
Event: 1390.907 GC heap after
{Heap after GC invocations=540 (full 39):
 garbage-first heap   total 331776K, used 122534K [0x0000000700000000, 0x0000000700100a20, 0x00000007c0000000)
  region size 1024K, 1 young (1024K), 1 survivors (1024K)
 Metaspace       used 94801K, capacity 102274K, committed 102320K, reserved 1136640K
  class space    used 13420K, capacity 14723K, committed 14768K, reserved 1048576K
}
Event: 1411.241 GC heap before
{Heap before GC invocations=540 (full 39):
 garbage-first heap   total 331776K, used 141990K [0x0000000700000000, 0x0000000700100a20, 0x00000007c0000000)
  region size 1024K, 21 young (21504K), 1 survivors (1024K)
 Metaspace       used 94860K, capacity 102410K, committed 102576K, reserved 1136640K
  class space    used 13437K, capacity 14755K, committed 14768K, reserved 1048576K
}
Event: 1465.882 GC heap after
{Heap after GC invocations=541 (full 40):
 garbage-first heap   total 331776K, used 120589K [0x0000000700000000, 0x0000000700100a20, 0x00000007c0000000)
  region size 1024K, 0 young (0K), 0 survivors (0K)
 Metaspace       used 94860K, capacity 102410K, committed 102576K, reserved 1136640K
  class space    used 13437K, capacity 14755K, committed 14768K, reserved 1048576K
}

Deoptimization events (10 events):
Event: 1386.606 Thread 0x000002643cf1c800 Uncommon trap: reason=unstable_if action=reinterpret pc=0x000002642a0b5238 method=javax.swing.text.View.updateLayout(Ljavax/swing/event/DocumentEvent$ElementChange;Ljavax/swing/event/DocumentEvent;Ljava/awt/Shape;)V @ 5 c2
Event: 1387.741 Thread 0x00000264195e3000 Uncommon trap: reason=class_check action=maybe_recompile pc=0x0000026429beb744 method=sun.java2d.Disposer.run()V @ 11 c2
Event: 1389.116 Thread 0x000002643cf1c800 Uncommon trap: reason=null_check action=make_not_entrant pc=0x000002642990d76c method=java.lang.reflect.Array.newInstance(Ljava/lang/Class;I)Ljava/lang/Object; @ 2 c2
Event: 1389.116 Thread 0x000002643cf1c800 Uncommon trap: reason=class_check action=maybe_recompile pc=0x000002642aba4514 method=javax.swing.SwingUtilities.installSwingDropTargetAsNecessary(Ljava/awt/Component;Ljavax/swing/TransferHandler;)V @ 16 c2
Event: 1389.162 Thread 0x000002643cf1c800 Uncommon trap: reason=unstable_if action=reinterpret pc=0x000002642a298c3c method=ui.data.labtools.j.nN(Ljava/lang/String;)Lui/data/labtools/g; @ 15 c2
Event: 1389.232 Thread 0x000002643cf1c800 Uncommon trap: reason=unstable_if action=reinterpret pc=0x000002642975d818 method=ui.utils.o.h.b.f(Ljava/awt/Rectangle;Ljava/awt/Rectangle;)Z @ 73 c2
Event: 1389.508 Thread 0x00000264154b3000 Uncommon trap: reason=unstable_if action=reinterpret pc=0x000002642955f1a8 method=ui.data.common.L.finalize()V @ 6 c2
Event: 1395.313 Thread 0x0000026417c13000 Uncommon trap: reason=unstable_if action=reinterpret pc=0x000002642a3239f8 method=de.javasoft.plaf.synthetica.painter.AnimationThreadFactory$AnimationThread.run()V @ 158 c2
Event: 1408.977 Thread 0x000002643cf1c800 Uncommon trap: reason=unstable_if action=reinterpret pc=0x0000026429aab1b4 method=ui.utils.C.actionPerformed(Ljava/awt/event/ActionEvent;)V @ 41 c2
Event: 1470.126 Thread 0x000002643cf1c800 Uncommon trap: reason=unstable_if action=reinterpret pc=0x000002642a5b867c method=sun.awt.Win32GraphicsDevice.getDefaultConfiguration()Ljava/awt/GraphicsConfiguration; @ 4 c2

Classes redefined (0 events):
No events

Internal exceptions (10 events):
Event: 1410.930 Thread 0x000002643cf1c800 Exception <a 'java/lang/NoSuchMethodError'{0x0000000713199938}: java.lang.invoke.DirectMethodHandle$Holder.invokeSpecial(Ljava/lang/Object;Ljava/lang/Object;IILjava/lang/Object;JI)Ljava/lang/Object;> (0x0000000713199938) thrown at [t:/workspace/hotspot/sr
Event: 1410.945 Thread 0x000002643cf1c800 Exception <a 'java/lang/NoSuchMethodError'{0x000000071319d0b0}: java.lang.invoke.DelegatingMethodHandle$Holder.reinvoke_L(Ljava/lang/Object;IILjava/lang/Object;JI)Ljava/lang/Object;> (0x000000071319d0b0) thrown at [t:/workspace/hotspot/src/share/vm/interp
Event: 1410.981 Thread 0x000002643cf1c800 Exception <a 'java/lang/NoSuchMethodError'{0x00000007131b80b0}: method resolution failed> (0x00000007131b80b0) thrown at [t:/workspace/hotspot/src/share/vm/prims/methodHandles.cpp, line 1256]
Event: 1465.963 Thread 0x000002643cf1c800 Exception <a 'java/lang/OutOfMemoryError'{0x000000071430f3a8}: unable to create native thread: possibly out of memory or process/resource limits reached> (0x000000071430f3a8) thrown at [t:/workspace/hotspot/src/share/vm/prims/jvm.cpp, line 2840]
Event: 1465.990 Thread 0x000002643cf1c800 Exception <a 'java/lang/OutOfMemoryError'{0x000000071430f3a8}> (0x000000071430f3a8) thrown at [t:/workspace/hotspot/src/share/vm/prims/jvm.cpp, line 1314]
Event: 1466.929 Thread 0x000002643cf1c800 Exception <a 'java/lang/OutOfMemoryError'{0x00000007143247b8}: unable to create native thread: possibly out of memory or process/resource limits reached> (0x00000007143247b8) thrown at [t:/workspace/hotspot/src/share/vm/prims/jvm.cpp, line 2840]
Event: 1466.929 Thread 0x000002643cf1c800 Exception <a 'java/lang/OutOfMemoryError'{0x00000007143247b8}> (0x00000007143247b8) thrown at [t:/workspace/hotspot/src/share/vm/prims/jvm.cpp, line 1314]
Event: 1471.056 Thread 0x000002643cf1c800 Exception <a 'java/lang/OutOfMemoryError'{0x0000000713adb820}: unable to create native thread: possibly out of memory or process/resource limits reached> (0x0000000713adb820) thrown at [t:/workspace/hotspot/src/share/vm/prims/jvm.cpp, line 2840]
Event: 1471.056 Thread 0x000002643cf1c800 Exception <a 'java/lang/OutOfMemoryError'{0x0000000713adb820}> (0x0000000713adb820) thrown at [t:/workspace/hotspot/src/share/vm/prims/jvm.cpp, line 1314]
Event: 1471.056 Thread 0x000002643cf1c800 Exception <a 'java/lang/OutOfMemoryError'{0x0000000713adb820}> (0x0000000713adb820) thrown at [t:/workspace/hotspot/src/share/vm/prims/jvm.cpp, line 1314]

Events (10 events):
Event: 1466.112 loading class sun/awt/windows/WToolkit$3
Event: 1466.170 loading class sun/awt/windows/WToolkit$3 done
Event: 1466.171 loading class java/lang/Throwable$WrappedPrintStream done
Event: 1470.123 Executing VM operation: RevokeBias
Event: 1470.125 Executing VM operation: RevokeBias done
Event: 1470.126 Thread 0x000002643cf1c800 Uncommon trap: trap_request=0xffffff5d fr.pc=0x000002642a5b867c relative=0x000000000000005c
Event: 1470.126 Thread 0x000002643cf1c800 DEOPT PACKING pc=0x000002642a5b867c sp=0x0000008bca0f7670
Event: 1470.129 Thread 0x000002643cf1c800 DEOPT UNPACKING pc=0x00000264217edf29 sp=0x0000008bca0f7608 mode 2
Event: 1470.154 loading class javax/swing/RepaintManager$DisplayChangedRunnable
Event: 1470.212 loading class javax/swing/RepaintManager$DisplayChangedRunnable done


Dynamic libraries:
0x00007ff679cb0000 - 0x00007ff679ce0000 	D:\software\vivado2018.3\Vivado\2018.3\bin\unwrapped\win64.o\vivado.exe
0x00007ffb9fe20000 - 0x00007ffba0010000 	C:\Windows\SYSTEM32\ntdll.dll
0x00007ffb9fcf0000 - 0x00007ffb9fda2000 	C:\Windows\System32\KERNEL32.DLL
0x00007ffb9d870000 - 0x00007ffb9db13000 	C:\Windows\System32\KERNELBASE.dll
0x00007ffb9dbd0000 - 0x00007ffb9dcca000 	C:\Windows\System32\ucrtbase.dll
0x00007ffb8cf10000 - 0x00007ffb8cf24000 	D:\software\vivado2018.3\Vivado\2018.3\lib\win64.o\librdi_commonmain.dll
0x00007ffb91b10000 - 0x00007ffb91b24000 	D:\software\vivado2018.3\Vivado\2018.3\lib\win64.o\libboost_signals.dll
0x00007ffb85d50000 - 0x00007ffb85de9000 	C:\Windows\SYSTEM32\MSVCP140.dll
0x00007ffb56330000 - 0x00007ffb571c4000 	D:\software\vivado2018.3\Vivado\2018.3\lib\win64.o\librdi_common.dll
0x00007ffb99750000 - 0x00007ffb99766000 	C:\Windows\SYSTEM32\VCRUNTIME140.dll
0x00007ffb9e0a0000 - 0x00007ffb9e233000 	C:\Windows\System32\USER32.dll
0x00007ffb86440000 - 0x00007ffb86466000 	D:\software\vivado2018.3\Vivado\2018.3\lib\win64.o\libboost_filesystem.dll
0x00007ffb9d620000 - 0x00007ffb9d641000 	C:\Windows\System32\win32u.dll
0x00007ffb9ece0000 - 0x00007ffb9ed83000 	C:\Windows\System32\ADVAPI32.dll
0x00007ffb9e4a0000 - 0x00007ffb9e53e000 	C:\Windows\System32\msvcrt.dll
0x00007ffb9fdb0000 - 0x00007ffb9fdd6000 	C:\Windows\System32\GDI32.dll
0x00007ffb8cf00000 - 0x00007ffb8cf0a000 	D:\software\vivado2018.3\Vivado\2018.3\lib\win64.o\librdi_commonversion.dll
0x00007ffb62fd0000 - 0x00007ffb630f1000 	D:\software\vivado2018.3\Vivado\2018.3\lib\win64.o\librdi_commonxillic.dll
0x00007ffb9dd30000 - 0x00007ffb9dec4000 	C:\Windows\System32\gdi32full.dll
0x00007ffb9e240000 - 0x00007ffb9e2d7000 	C:\Windows\System32\sechost.dll
0x00007ffb9cdb0000 - 0x00007ffb9ce4e000 	C:\Windows\System32\msvcp_win.dll
0x00007ffb9fbd0000 - 0x00007ffb9fcf0000 	C:\Windows\System32\RPCRT4.dll
0x00000000521a0000 - 0x00000000522cb000 	D:\software\vivado2018.3\Vivado\2018.3\lib\win64.o\tcl85t.dll
0x00007ffb61c50000 - 0x00007ffb61fbe000 	D:\software\vivado2018.3\Vivado\2018.3\lib\win64.o\libCOIN-all.dll
0x00007ffb9f570000 - 0x00007ffb9f5df000 	C:\Windows\System32\WS2_32.dll
0x00007ffb9e5f0000 - 0x00007ffb9ecd2000 	C:\Windows\System32\SHELL32.dll
0x00007ffb9d7a0000 - 0x00007ffb9d7ea000 	C:\Windows\System32\cfgmgr32.dll
0x00007ffb61990000 - 0x00007ffb61c45000 	D:\software\vivado2018.3\Vivado\2018.3\lib\win64.o\libXil_lmgr11.dll
0x00007ffb8bdb0000 - 0x00007ffb8bdc4000 	D:\software\vivado2018.3\Vivado\2018.3\lib\win64.o\libboost_date_time.dll
0x00007ffb9f460000 - 0x00007ffb9f509000 	C:\Windows\System32\shcore.dll
0x00007ffb9fa50000 - 0x00007ffb9fb1f000 	C:\Windows\System32\COMDLG32.dll
0x00007ffb9f120000 - 0x00007ffb9f456000 	C:\Windows\System32\combase.dll
0x00007ffb85cd0000 - 0x00007ffb85d4f000 	D:\software\vivado2018.3\Vivado\2018.3\lib\win64.o\libboost_program_options.dll
0x00007ffb9f510000 - 0x00007ffb9f562000 	C:\Windows\System32\SHLWAPI.dll
0x00007ffb61870000 - 0x00007ffb61984000 	D:\software\vivado2018.3\Vivado\2018.3\lib\win64.o\libboost_regex.dll
0x00007ffb9d7f0000 - 0x00007ffb9d870000 	C:\Windows\System32\bcryptPrimitives.dll
0x00007ffb9ce50000 - 0x00007ffb9d5cc000 	C:\Windows\System32\windows.storage.dll
0x00007ffb8cef0000 - 0x00007ffb8cefb000 	D:\software\vivado2018.3\Vivado\2018.3\lib\win64.o\libboost_system.dll
0x00007ffb9ed90000 - 0x00007ffb9ee54000 	C:\Windows\System32\OLEAUT32.dll
0x00007ffb86410000 - 0x00007ffb86431000 	D:\software\vivado2018.3\Vivado\2018.3\lib\win64.o\libboost_thread.dll
0x00007ffb9cd90000 - 0x00007ffb9cdaf000 	C:\Windows\System32\profapi.dll
0x00007ffb9ef50000 - 0x00007ffb9f0a6000 	C:\Windows\System32\ole32.dll
0x00007ffb8bf40000 - 0x00007ffb8bf4f000 	D:\software\vivado2018.3\Vivado\2018.3\lib\win64.o\libboost_xilinx.dll
0x00007ffb9cd20000 - 0x00007ffb9cd6a000 	C:\Windows\System32\powrprof.dll
0x00007ffb9ccf0000 - 0x00007ffb9cd00000 	C:\Windows\System32\UMPDC.dll
0x00007ffb686e0000 - 0x00007ffb68762000 	D:\software\vivado2018.3\Vivado\2018.3\lib\win64.o\libhdlpsolve.dll
0x00007ffb9dcd0000 - 0x00007ffb9dd2c000 	C:\Windows\System32\WINTRUST.dll
0x00007ffb9cd00000 - 0x00007ffb9cd11000 	C:\Windows\System32\kernel.appcore.dll
0x00007ffb9cd70000 - 0x00007ffb9cd82000 	C:\Windows\System32\MSASN1.dll
0x00007ffb65100000 - 0x00007ffb651a5000 	D:\software\vivado2018.3\Vivado\2018.3\lib\win64.o\libhdxml.dll
0x00007ffb9d650000 - 0x00007ffb9d799000 	C:\Windows\System32\CRYPT32.dll
0x00007ffb9d5d0000 - 0x00007ffb9d5e7000 	C:\Windows\System32\cryptsp.dll
0x00007ffb60d80000 - 0x00007ffb615ce600 	D:\software\vivado2018.3\Vivado\2018.3\lib\win64.o\libisl_iostreams.dll
0x00007ffb85ca0000 - 0x00007ffb85cce000 	D:\software\vivado2018.3\Vivado\2018.3\lib\win64.o\libisl_sysinfo.dll
0x00007ffb68560000 - 0x00007ffb685c5000 	D:\software\vivado2018.3\Vivado\2018.3\lib\win64.o\liblmx6.0.dll
0x00007ffb85c80000 - 0x00007ffb85c9a000 	D:\software\vivado2018.3\Vivado\2018.3\lib\win64.o\pthreadVC2.dll
0x00007ffb85c60000 - 0x00007ffb85c7c000 	D:\software\vivado2018.3\Vivado\2018.3\lib\win64.o\librdiconfig.dll
0x00007ffb85b20000 - 0x00007ffb85b41000 	D:\software\vivado2018.3\Vivado\2018.3\lib\win64.o\librdizlib.dll
0x0000000012000000 - 0x0000000012272000 	D:\software\vivado2018.3\Vivado\2018.3\lib\win64.o\xerces-c_3_1.dll
0x00007ffb898c0000 - 0x00007ffb898d7000 	C:\Windows\SYSTEM32\NETAPI32.dll
0x00007ffb85ea0000 - 0x00007ffb86376000 	C:\Windows\SYSTEM32\WININET.dll
0x00007ffb980e0000 - 0x00007ffb981d0000 	C:\Windows\SYSTEM32\WINHTTP.dll
0x00007ffb90e80000 - 0x00007ffb91056000 	C:\Windows\SYSTEM32\urlmon.dll
0x00007ffb86f90000 - 0x00007ffb87039000 	C:\Windows\WinSxS\amd64_microsoft.windows.common-controls_6595b64144ccf1df_5.82.18362.295_none_2a2c1a464665cf9f\COMCTL32.dll
0x00007ffb8be00000 - 0x00007ffb8be09000 	C:\Windows\SYSTEM32\WSOCK32.dll
0x00007ffb8bcb0000 - 0x00007ffb8bcbd000 	D:\software\vivado2018.3\Vivado\2018.3\lib\win64.o\libboost_chrono.dll
0x00007ffb97e70000 - 0x00007ffb97e8c000 	C:\Windows\SYSTEM32\dhcpcsvc.DLL
0x00007ffb9e2e0000 - 0x00007ffb9e2e8000 	C:\Windows\System32\NSI.dll
0x00007ffb55490000 - 0x00007ffb56321000 	D:\software\vivado2018.3\Vivado\2018.3\lib\win64.o\gurobi65.dll
0x00007ffb7dbe0000 - 0x00007ffb7dc09000 	C:\Windows\SYSTEM32\VCOMP140.DLL
0x00007ffb7de10000 - 0x00007ffb7de2b000 	D:\software\vivado2018.3\Vivado\2018.3\lib\win64.o\libboost_iostreams.dll
0x00007ffb7d690000 - 0x00007ffb7d6b5000 	D:\software\vivado2018.3\Vivado\2018.3\lib\win64.o\libisl_iosutils.dll
0x00007ffb90b90000 - 0x00007ffb90e36000 	C:\Windows\SYSTEM32\iertutil.dll
0x00007ffb9c6d0000 - 0x00007ffb9c6dc000 	C:\Windows\SYSTEM32\CRYPTBASE.DLL
0x00007ffb9c320000 - 0x00007ffb9c32c000 	C:\Windows\SYSTEM32\NETUTILS.DLL
0x00007ffb9ded0000 - 0x00007ffb9defe000 	C:\Windows\System32\IMM32.DLL
0x00007ffb5f610000 - 0x00007ffb5fb05000 	D:\software\vivado2018.3\Vivado\2018.3\lib\win64.o\librdi_commontasks.dll
0x0000000050080000 - 0x0000000050aa5000 	D:\software\vivado2018.3\Vivado\2018.3\tps\win64\jre9.0.4\bin\server\jvm.dll
0x00007ffb60b00000 - 0x00007ffb60d7f000 	D:\software\vivado2018.3\Vivado\2018.3\lib\win64.o\librdi_sio.dll
0x00007ffb98400000 - 0x00007ffb9840a000 	C:\Windows\SYSTEM32\VERSION.dll
0x00007ffb9e5e0000 - 0x00007ffb9e5e8000 	C:\Windows\System32\PSAPI.DLL
0x00007ffb9aee0000 - 0x00007ffb9af04000 	C:\Windows\SYSTEM32\WINMM.dll
0x00007ffb9c210000 - 0x00007ffb9c24a000 	C:\Windows\SYSTEM32\IPHLPAPI.DLL
0x00007ffb61780000 - 0x00007ffb6186f000 	C:\Windows\SYSTEM32\MSVCR120.dll
0x00007ffb9ae60000 - 0x00007ffb9ae8d000 	C:\Windows\SYSTEM32\WINMMBASE.dll
0x00007ffb9c500000 - 0x00007ffb9c567000 	C:\Windows\SYSTEM32\MSWSOCK.DLL
0x00007ffb530c0000 - 0x00007ffb55482000 	D:\software\vivado2018.3\Vivado\2018.3\lib\win64.o\librdi_tcltasks.dll
0x00007ffb5ec30000 - 0x00007ffb5edae000 	D:\software\vivado2018.3\Vivado\2018.3\lib\win64.o\librdi_board.dll
0x00007ffb52ce0000 - 0x00007ffb530bc000 	D:\software\vivado2018.3\Vivado\2018.3\lib\win64.o\librdi_bitstream.dll
0x00007ffb64d10000 - 0x00007ffb64d7a000 	D:\software\vivado2018.3\Vivado\2018.3\lib\win64.o\librdi_boarddep.dll
0x00007ffb63e50000 - 0x00007ffb63f2c000 	D:\software\vivado2018.3\Vivado\2018.3\lib\win64.o\librdi_chipscope.dll
0x00007ffb5f130000 - 0x00007ffb5f2e9000 	D:\software\vivado2018.3\Vivado\2018.3\lib\win64.o\librdi_chipscopeimpl.dll
0x00007ffb5efe0000 - 0x00007ffb5f128000 	D:\software\vivado2018.3\Vivado\2018.3\lib\win64.o\librdi_containers.dll
0x00007ffb513d0000 - 0x00007ffb52cd5000 	D:\software\vivado2018.3\Vivado\2018.3\lib\win64.o\librdi_constraints.dll
0x00007ffb4eed0000 - 0x00007ffb4f5aa000 	D:\software\vivado2018.3\Vivado\2018.3\lib\win64.o\librdi_coregenipxact.dll
0x00007ffb4f5b0000 - 0x00007ffb513cf000 	D:\software\vivado2018.3\Vivado\2018.3\lib\win64.o\librdi_coregen.dll
0x00007ffb3a590000 - 0x00007ffb4b2e2000 	D:\software\vivado2018.3\Vivado\2018.3\lib\win64.o\librdi_device.dll
0x00007ffb4ebb0000 - 0x00007ffb4eecb000 	D:\software\vivado2018.3\Vivado\2018.3\lib\win64.o\librdi_dlyest.dll
0x00007ffb36790000 - 0x00007ffb3a58b000 	D:\software\vivado2018.3\Vivado\2018.3\lib\win64.o\librdi_designutils.dll
0x00007ffb4e650000 - 0x00007ffb4ebb0000 	D:\software\vivado2018.3\Vivado\2018.3\lib\win64.o\librdi_drc.dll
0x00007ffb616b0000 - 0x00007ffb61772000 	D:\software\vivado2018.3\Vivado\2018.3\lib\win64.o\librdi_dsp.dll
0x00007ffb4e010000 - 0x00007ffb4e64f000 	D:\software\vivado2018.3\Vivado\2018.3\lib\win64.o\librdi_filemgmt.dll
0x00007ffb4dd30000 - 0x00007ffb4e00a000 	D:\software\vivado2018.3\Vivado\2018.3\lib\win64.o\librdi_guitools.dll
0x00007ffb788d0000 - 0x00007ffb7892d000 	D:\software\vivado2018.3\Vivado\2018.3\lib\win64.o\librdi_hdf.dll
0x00007ffb4c370000 - 0x00007ffb4c985000 	D:\software\vivado2018.3\Vivado\2018.3\lib\win64.o\librdi_memdata.dll
0x00007ffb4c990000 - 0x00007ffb4dd21000 	D:\software\vivado2018.3\Vivado\2018.3\lib\win64.o\librdi_implflow.dll
0x00007ffb5ebb0000 - 0x00007ffb5ec21000 	D:\software\vivado2018.3\Vivado\2018.3\lib\win64.o\librdi_memoryarray.dll
0x00007ffb4bd30000 - 0x00007ffb4c36b000 	D:\software\vivado2018.3\Vivado\2018.3\lib\win64.o\librdi_netlist.dll
0x00007ffb62f80000 - 0x00007ffb62fd0000 	D:\software\vivado2018.3\Vivado\2018.3\lib\win64.o\librdi_pfi.dll
0x00007ffb32de0000 - 0x00007ffb3678c000 	D:\software\vivado2018.3\Vivado\2018.3\lib\win64.o\librdi_mig.dll
0x00007ffb4ba20000 - 0x00007ffb4bd27000 	D:\software\vivado2018.3\Vivado\2018.3\lib\win64.o\librdi_platform.dll
0x00007ffb4b320000 - 0x00007ffb4ba15000 	D:\software\vivado2018.3\Vivado\2018.3\lib\win64.o\librdi_power.dll
0x00007ffb308c0000 - 0x00007ffb32dd4000 	D:\software\vivado2018.3\Vivado\2018.3\lib\win64.o\librdi_place.dll
0x00007ffb30360000 - 0x00007ffb308b6000 	D:\software\vivado2018.3\Vivado\2018.3\lib\win64.o\librdi_project.dll
0x00007ffb2fc60000 - 0x00007ffb30353000 	D:\software\vivado2018.3\Vivado\2018.3\lib\win64.o\librdi_psta.dll
0x00007ffb2f0c0000 - 0x00007ffb2f198000 	D:\software\vivado2018.3\Vivado\2018.3\lib\win64.o\librdi_runsbase.dll
0x00007ffb2ee90000 - 0x00007ffb2f0b8000 	D:\software\vivado2018.3\Vivado\2018.3\lib\win64.o\librdi_simdata.dll
0x00007ffb2c880000 - 0x00007ffb2d60d000 	D:\software\vivado2018.3\Vivado\2018.3\lib\win64.o\librdi_timing.dll
0x00007ffb2f1a0000 - 0x00007ffb2f577000 	D:\software\vivado2018.3\Vivado\2018.3\lib\win64.o\librdi_runs.dll
0x00007ffb2ed30000 - 0x00007ffb2ee84000 	D:\software\vivado2018.3\Vivado\2018.3\lib\win64.o\librdi_advchipscopeimpl.dll
0x00007ffb2f580000 - 0x00007ffb2fc59000 	D:\software\vivado2018.3\Vivado\2018.3\lib\win64.o\librdi_rsb.dll
0x00007ffb61660000 - 0x00007ffb616ac000 	D:\software\vivado2018.3\Vivado\2018.3\lib\win64.o\libboost_serialization.dll
0x00007ffb2ec70000 - 0x00007ffb2ed28000 	D:\software\vivado2018.3\Vivado\2018.3\lib\win64.o\librdi_hip_devdesign.dll
0x00007ffb2ebc0000 - 0x00007ffb2ec6b000 	D:\software\vivado2018.3\Vivado\2018.3\lib\win64.o\librdi_ipconfig_readwrite.dll
0x00007ffb6f7a0000 - 0x00007ffb6f7d8000 	D:\software\vivado2018.3\Vivado\2018.3\lib\win64.o\librdi_noc_frameworks.dll
0x00007ffb2d610000 - 0x00007ffb2e157000 	D:\software\vivado2018.3\Vivado\2018.3\lib\win64.o\libverific.dll
0x00007ffb2eb20000 - 0x00007ffb2ebbe000 	D:\software\vivado2018.3\Vivado\2018.3\lib\win64.o\libise.dll
0x00007ffb5eb60000 - 0x00007ffb5eba9000 	D:\software\vivado2018.3\Vivado\2018.3\lib\win64.o\librdi_wavedata_SimpleApi.dll

VM Arguments:
jvm_args: -Dsun.java2d.pmoffscreen=false -Dsun.java2d.xrender=false -Dsun.java2d.d3d=false -Dsun.awt.nopixfmt=true -Dsun.java2d.dpiaware=true -Dsun.java2d.uiScale.enabled=false -Xverify:none -Dswing.aatext=true -XX:-UsePerfData -Djdk.map.althashing.threshold=512 -XX:StringTableSize=4072 --add-opens=java.base/java.nio=ALL-UNNAMED --add-opens=java.desktop/sun.swing=ALL-UNNAMED --add-opens=java.desktop/javax.swing=ALL-UNNAMED --add-opens=java.desktop/javax.swing.tree=ALL-UNNAMED --add-opens=java.desktop/javax.swing.plaf.basic=ALL-UNNAMED --add-opens=java.desktop/javax.swing.plaf.synth=ALL-UNNAMED --add-opens=java.desktop/com.sun.awt=ALL-UNNAMED -XX:NewSize=60m -XX:MaxNewSize=60m -Xms128m -Xmx3072m -Xss5m 
java_command: <unknown>
java_class_path (initial): D:/software/vivado2018.3/Vivado/2018.3\lib\classes\alloy.jar;D:/software/vivado2018.3/Vivado/2018.3\lib\classes\autopilot.scelaborator.jar;D:/software/vivado2018.3/Vivado/2018.3\lib\classes\autopilot.sourceprocessor.jar;D:/software/vivado2018.3/Vivado/2018.3\lib\classes\autopilot.tbprocessor.jar;D:/software/vivado2018.3/Vivado/2018.3\lib\classes\batik-anim.jar;D:/software/vivado2018.3/Vivado/2018.3\lib\classes\batik-awt-util.jar;D:/software/vivado2018.3/Vivado/2018.3\lib\classes\batik-bridge.jar;D:/software/vivado2018.3/Vivado/2018.3\lib\classes\batik-codec.jar;D:/software/vivado2018.3/Vivado/2018.3\lib\classes\batik-css.jar;D:/software/vivado2018.3/Vivado/2018.3\lib\classes\batik-dom.jar;D:/software/vivado2018.3/Vivado/2018.3\lib\classes\batik-ext.jar;D:/software/vivado2018.3/Vivado/2018.3\lib\classes\batik-gui-util.jar;D:/software/vivado2018.3/Vivado/2018.3\lib\classes\batik-gvt.jar;D:/software/vivado2018.3/Vivado/2018.3\lib\classes\batik-parser.jar;D:/software/vivado2018.3/Vivado/2018.3\lib\classes\batik-script.jar;D:/software/vivado2018.3/Vivado/2018.3\lib\classes\batik-svg-dom.jar;D:/software/vivado2018.3/Vivado/2018.3\lib\classes\batik-swing.jar;D:/software/vivado2018.3/Vivado/2018.3\lib\classes\batik-transcoder.jar;D:/software/vivado2018.3/Vivado/2018.3\lib\classes\batik-util.jar;D:/software/vivado2018.3/Vivado/2018.3\lib\classes\batik-xml.jar;D:/software/vivado2018.3/Vivado/2018.3\lib\classes\com.ibm.icu_4.4.2.v20110208.jar;D:/software/vivado2018.3/Vivado/2018.3\lib\classes\commons-collections4-4.1.jar;D:/software/vivado2018.3/Vivado/2018.3\lib\classes\commons-math-2.2.jar;D:/software/vivado2018.3/Vivado/2018.3\lib\classes\dom4j-1.6.1.jar;D:/software/vivado2018.3/Vivado/2018.3\lib\classes\guava-18.0.jar;D:/software/vivado2018.3/Vivado/2018.3\lib\classes\help.jar;D:/software/vivado2018.3/Vivado/2018.3\lib\classes\hsqldb.jar;D:/software/vivado2018.3/Vivado/2018.3\lib\classes\jargs.jar;D:/software/vivado2018.3/Vivado/2018.3\lib\clas
Launcher Type: generic

Logging:
Log output configuration:
#0: stdout all=warning uptime,level,tags
#1: stderr all=off uptime,level,tags

Environment Variables:
PATH=D:/software/vivado2018.3/Vivado/2018.3/bin;D:/software/vivado2018.3/Vivado/2018.3/lib/win64.o;D:/software/vivado2018.3/Vivado/2018.3/tps/win64/jre9.0.4/bin/server;D:/software/vivado2018.3/Vivado/2018.3/tps/win64/jre9.0.4/bin;D:/software/vivado2018.3/SDK/2018.3/bin;D:/software/vivado2018.3/Vivado/2018.3/ids_lite/ISE/bin/nt64;D:/software/vivado2018.3/Vivado/2018.3/ids_lite/ISE/lib/nt64;C:\Program Files (x86)\Common Files\Oracle\Java\javapath;C:\Program Files\VanDyke Software\Clients\;C:\Windows\system32;C:\Windows;C:\Windows\System32\Wbem;C:\Windows\System32\WindowsPowerShell\v1.0\;C:\Windows\System32\OpenSSH\;C:\intelFPGA\18.1\modelsim_ase\win32aloem;C:\Program Files\Git\cmd;D:\software\MinGW\bin;D:\software\GIT\tortoiseGit\bin;C:\Program Files (x86)\STMicroelectronics\STM32 ST-LINK Utility\ST-LINK Utility;D:\software\intelFPGA\18.1\quartus\bin64;D:\software\MinGW\x86_64-w64-mingw32\bin;C:\Users\maccura\AppData\Local\Microsoft\WindowsApps;C:\VSCode\Microsoft VS Code\bin;C:\iverilog\bin;C:\iverilog\gtkwave\bin;;D:/software/vivado2018.3/Vivado/2018.3\tps\mingw\6.2.0\win64.o\nt\bin;D:/software/vivado2018.3/Vivado/2018.3\tps\mingw\6.2.0\win64.o\nt\libexec\gcc\x86_64-w64-mingw32\6.2.0
USERNAME=maccura
OS=Windows_NT
PROCESSOR_IDENTIFIER=Intel64 Family 6 Model 158 Stepping 10, GenuineIntel



---------------  S Y S T E M  ---------------

OS: Windows 10 , 64 bit Build 18362 (10.0.18362.86)

CPU:total 6 (initial active 6) (6 cores per cpu, 1 threads per core) family 6 model 158 stepping 10, cmov, cx8, fxsr, mmx, sse, sse2, sse3, ssse3, sse4.1, sse4.2, popcnt, avx, avx2, aes, clmul, erms, rtm, 3dnowpref, lzcnt, tsc, tscinvbit, bmi1, bmi2, adx, fma

Memory: 4k page, physical 8246720k(1265632k free), swap 23875772k(0k free)

vm_info: Java HotSpot(TM) 64-Bit Server VM (9.0.4+11) for windows-amd64 JRE (9.0.4+11), built on Dec 20 2017 02:18:54 by "mach5one" with MS VC++ 12.0 (VS2013)

END.
