#-----------------------------------------------------------
# Vivado v2018.3 (64-bit)
# SW Build 2405991 on Thu Dec  6 23:38:27 MST 2018
# IP Build 2404404 on Fri Dec  7 01:43:56 MST 2018
# Start of session at: Fri Apr 26 15:42:34 2024
# Process ID: 13732
# Current directory: C:/Users/maccura/Desktop/DIP/IMG
# Command line: vivado.exe -gui_launcher_event rodinguilauncherevent10520 C:\Users\maccura\Desktop\DIP\IMG\IMG.xpr
# Log file: C:/Users/maccura/Desktop/DIP/IMG/vivado.log
# Journal file: C:/Users/maccura/Desktop/DIP/IMG\vivado.jou
#-----------------------------------------------------------
start_gui
open_project C:/Users/maccura/Desktop/DIP/IMG/IMG.xpr
Scanning sources...
Finished scanning sources
INFO: [IP_Flow 19-234] Refreshing IP repositories
INFO: [IP_Flow 19-1704] No user IP repositories specified
INFO: [IP_Flow 19-2313] Loaded Vivado IP repository 'D:/software/vivado2018.3/Vivado/2018.3/data/ip'.
open_project: Time (s): cpu = 00:00:16 ; elapsed = 00:00:14 . Memory (MB): peak = 821.211 ; gain = 243.520
update_compile_order -fileset sources_1
open_bd_design {C:/Users/maccura/Desktop/DIP/IMG/IMG.srcs/sources_1/bd/zynq/zynq.bd}
Adding cell -- xilinx.com:ip:processing_system7:5.5 - processing_system7_0
Adding cell -- xilinx.com:ip:axi_vdma:6.3 - axi_vdma_0
Adding cell -- xilinx.com:ip:v_tc:6.1 - v_tc_0
Adding cell -- xilinx.com:ip:v_axi4s_vid_out:4.0 - v_axi4s_vid_out_0
Adding cell -- xilinx.com:ip:smartconnect:1.0 - axi_smc
Adding cell -- xilinx.com:ip:proc_sys_reset:5.0 - rst_ps7_0_100M
Adding cell -- xilinx.com:ip:axi_interconnect:2.1 - ps7_0_axi_periph
Adding cell -- xilinx.com:ip:axi_crossbar:2.1 - xbar
Adding cell -- xilinx.com:ip:axi_protocol_converter:2.1 - auto_pc
Adding cell -- xilinx.com:module_ref:vga2hdmi:1.0 - vga2hdmi_0
Adding cell -- xilinx.com:ip:clk_wiz:6.0 - clk_wiz_0
Adding cell -- xilinx.com:ip:util_vector_logic:2.0 - util_vector_logic_0
WARNING: [BD 41-1731] Type mismatch between connected pins: /clk_wiz_0/clk_1x(clk) and /vga2hdmi_0/clk_1x(undef)
WARNING: [BD 41-1731] Type mismatch between connected pins: /clk_wiz_0/locked(undef) and /v_tc_0/clken(ce)
WARNING: [BD 41-1731] Type mismatch between connected pins: /clk_wiz_0/locked(undef) and /v_tc_0/resetn(rst)
WARNING: [BD 41-1731] Type mismatch between connected pins: /clk_wiz_0/locked(undef) and /vga2hdmi_0/rst_n(rst)
WARNING: [BD 41-1731] Type mismatch between connected pins: /clk_wiz_0/locked(undef) and /v_axi4s_vid_out_0/aclken(ce)
WARNING: [BD 41-1731] Type mismatch between connected pins: /clk_wiz_0/locked(undef) and /v_axi4s_vid_out_0/aresetn(rst)
WARNING: [BD 41-1731] Type mismatch between connected pins: /clk_wiz_0/locked(undef) and /v_axi4s_vid_out_0/vid_io_out_ce(ce)
WARNING: [BD 41-1731] Type mismatch between connected pins: /clk_wiz_0/clk_5x(clk) and /vga2hdmi_0/clk_5x(undef)
Successfully read diagram <zynq> from BD file <C:/Users/maccura/Desktop/DIP/IMG/IMG.srcs/sources_1/bd/zynq/zynq.bd>
open_bd_design: Time (s): cpu = 00:00:05 ; elapsed = 00:00:06 . Memory (MB): peak = 1512.102 ; gain = 0.000
exit
INFO: [Common 17-206] Exiting Vivado at Fri Apr 26 15:45:36 2024...
